INFO 2025-04-09 15:06:09,471 autoreload Watching for file changes with StatReloader
INFO 2025-04-09 15:06:09,471 autoreload Watching for file changes with StatReloader
INFO 2025-04-09 15:06:26,687 autoreload Watching for file changes with StatReloader
INFO 2025-04-09 15:06:26,687 autoreload Watching for file changes with StatReloader
INFO 2025-04-09 15:07:22,355 autoreload Watching for file changes with StatReloader
INFO 2025-04-09 15:07:22,355 autoreload Watching for file changes with StatReloader
INFO 2025-04-09 15:08:17,397 autoreload Watching for file changes with StatReloader
INFO 2025-04-09 15:08:17,397 autoreload Watching for file changes with StatReloader
INFO 2025-04-09 15:08:55,121 autoreload D:\VSCODEPROJECTS\mym\mymanage\students\views.py changed, reloading.
INFO 2025-04-09 15:08:55,121 autoreload D:\VSCODEPROJECTS\mym\mymanage\students\views.py changed, reloading.
INFO 2025-04-09 15:08:55,625 autoreload Watching for file changes with StatReloader
INFO 2025-04-09 15:08:55,625 autoreload Watching for file changes with StatReloader
INFO 2025-04-09 15:09:05,377 autoreload D:\VSCODEPROJECTS\mym\mymanage\students\views.py changed, reloading.
INFO 2025-04-09 15:09:05,377 autoreload D:\VSCODEPROJECTS\mym\mymanage\students\views.py changed, reloading.
INFO 2025-04-09 15:09:05,898 autoreload Watching for file changes with StatReloader
INFO 2025-04-09 15:09:05,898 autoreload Watching for file changes with StatReloader
INFO 2025-04-09 15:09:21,924 autoreload D:\VSCODEPROJECTS\mym\mymanage\students\views.py changed, reloading.
INFO 2025-04-09 15:09:21,924 autoreload D:\VSCODEPROJECTS\mym\mymanage\students\views.py changed, reloading.
INFO 2025-04-09 15:09:22,425 autoreload Watching for file changes with StatReloader
INFO 2025-04-09 15:09:22,425 autoreload Watching for file changes with StatReloader
INFO 2025-04-09 15:09:28,221 basehttp "GET /students/practice/ HTTP/1.1" 200 123454
INFO 2025-04-09 15:09:28,221 basehttp "GET /students/practice/ HTTP/1.1" 200 123454
INFO 2025-04-09 15:09:28,811 basehttp "GET /students/check-practice-status/ HTTP/1.1" 200 59
INFO 2025-04-09 15:09:28,811 basehttp "GET /students/check-practice-status/ HTTP/1.1" 200 59
INFO 2025-04-09 15:09:28,814 basehttp "GET /students/check-active-practice/ HTTP/1.1" 200 134
INFO 2025-04-09 15:09:28,814 basehttp "GET /students/check-active-practice/ HTTP/1.1" 200 134
INFO 2025-04-09 15:09:28,819 basehttp "GET /students/check-active-practice/ HTTP/1.1" 200 134
INFO 2025-04-09 15:09:28,819 basehttp "GET /students/check-active-practice/ HTTP/1.1" 200 134
ERROR 2025-04-09 15:09:29,949 log Internal Server Error: /students/settings/
Traceback (most recent call last):
  File "d:\VSCODEPROJECTS\mym\.venv\Lib\site-packages\django\template\backends\django.py", line 61, in render
    return self.template.render(context)
           ^^^^^^^^^^^^^^^^^^^^^^^^^^^^^
  File "d:\VSCODEPROJECTS\mym\.venv\Lib\site-packages\django\template\base.py", line 175, in render
    return self._render(context)
           ^^^^^^^^^^^^^^^^^^^^^
  File "d:\VSCODEPROJECTS\mym\.venv\Lib\site-packages\django\template\base.py", line 167, in _render
    return self.nodelist.render(context)
           ^^^^^^^^^^^^^^^^^^^^^^^^^^^^^
  File "d:\VSCODEPROJECTS\mym\.venv\Lib\site-packages\django\template\base.py", line 1005, in render
    return SafeString("".join([node.render_annotated(context) for node in self]))
                              ^^^^^^^^^^^^^^^^^^^^^^^^^^^^^^^^^^^^^^^^^^^^^^^^^
  File "d:\VSCODEPROJECTS\mym\.venv\Lib\site-packages\django\template\base.py", line 1005, in <listcomp>
    return SafeString("".join([node.render_annotated(context) for node in self]))
                               ^^^^^^^^^^^^^^^^^^^^^^^^^^^^^^
  File "d:\VSCODEPROJECTS\mym\.venv\Lib\site-packages\django\template\base.py", line 966, in render_annotated
    return self.render(context)
           ^^^^^^^^^^^^^^^^^^^^
  File "d:\VSCODEPROJECTS\mym\.venv\Lib\site-packages\django\template\loader_tags.py", line 132, in render
    compiled_parent = self.get_parent(context)
                      ^^^^^^^^^^^^^^^^^^^^^^^^
  File "d:\VSCODEPROJECTS\mym\.venv\Lib\site-packages\django\template\loader_tags.py", line 129, in get_parent
    return self.find_template(parent, context)
           ^^^^^^^^^^^^^^^^^^^^^^^^^^^^^^^^^^^
  File "d:\VSCODEPROJECTS\mym\.venv\Lib\site-packages\django\template\loader_tags.py", line 107, in find_template
    template, origin = context.template.engine.find_template(
                       ^^^^^^^^^^^^^^^^^^^^^^^^^^^^^^^^^^^^^^
  File "d:\VSCODEPROJECTS\mym\.venv\Lib\site-packages\django\template\engine.py", line 161, in find_template
    raise TemplateDoesNotExist(name, tried=tried)
django.template.exceptions.TemplateDoesNotExist: base.html

The above exception was the direct cause of the following exception:

Traceback (most recent call last):
  File "d:\VSCODEPROJECTS\mym\.venv\Lib\site-packages\django\core\handlers\exception.py", line 55, in inner
    response = get_response(request)
               ^^^^^^^^^^^^^^^^^^^^^
  File "d:\VSCODEPROJECTS\mym\.venv\Lib\site-packages\django\core\handlers\base.py", line 197, in _get_response
    response = wrapped_callback(request, *callback_args, **callback_kwargs)
               ^^^^^^^^^^^^^^^^^^^^^^^^^^^^^^^^^^^^^^^^^^^^^^^^^^^^^^^^^^^^
  File "d:\VSCODEPROJECTS\mym\.venv\Lib\site-packages\django\contrib\auth\decorators.py", line 23, in _wrapper_view
    return view_func(request, *args, **kwargs)
           ^^^^^^^^^^^^^^^^^^^^^^^^^^^^^^^^^^^
  File "D:\VSCODEPROJECTS\mym\mymanage\students\views.py", line 181, in update_profile
    return render(request, 'students/student_settings.html', context)
           ^^^^^^^^^^^^^^^^^^^^^^^^^^^^^^^^^^^^^^^^^^^^^^^^^^^^^^^^^^
  File "d:\VSCODEPROJECTS\mym\.venv\Lib\site-packages\django\shortcuts.py", line 24, in render
    content = loader.render_to_string(template_name, context, request, using=using)
              ^^^^^^^^^^^^^^^^^^^^^^^^^^^^^^^^^^^^^^^^^^^^^^^^^^^^^^^^^^^^^^^^^^^^^
  File "d:\VSCODEPROJECTS\mym\.venv\Lib\site-packages\django\template\loader.py", line 62, in render_to_string
    return template.render(context, request)
           ^^^^^^^^^^^^^^^^^^^^^^^^^^^^^^^^^
  File "d:\VSCODEPROJECTS\mym\.venv\Lib\site-packages\django\template\backends\django.py", line 63, in render
    reraise(exc, self.backend)
  File "d:\VSCODEPROJECTS\mym\.venv\Lib\site-packages\django\template\backends\django.py", line 84, in reraise
    raise new from exc
django.template.exceptions.TemplateDoesNotExist: base.html
ERROR 2025-04-09 15:09:29,949 log Internal Server Error: /students/settings/
Traceback (most recent call last):
  File "d:\VSCODEPROJECTS\mym\.venv\Lib\site-packages\django\template\backends\django.py", line 61, in render
    return self.template.render(context)
           ^^^^^^^^^^^^^^^^^^^^^^^^^^^^^
  File "d:\VSCODEPROJECTS\mym\.venv\Lib\site-packages\django\template\base.py", line 175, in render
    return self._render(context)
           ^^^^^^^^^^^^^^^^^^^^^
  File "d:\VSCODEPROJECTS\mym\.venv\Lib\site-packages\django\template\base.py", line 167, in _render
    return self.nodelist.render(context)
           ^^^^^^^^^^^^^^^^^^^^^^^^^^^^^
  File "d:\VSCODEPROJECTS\mym\.venv\Lib\site-packages\django\template\base.py", line 1005, in render
    return SafeString("".join([node.render_annotated(context) for node in self]))
                              ^^^^^^^^^^^^^^^^^^^^^^^^^^^^^^^^^^^^^^^^^^^^^^^^^
  File "d:\VSCODEPROJECTS\mym\.venv\Lib\site-packages\django\template\base.py", line 1005, in <listcomp>
    return SafeString("".join([node.render_annotated(context) for node in self]))
                               ^^^^^^^^^^^^^^^^^^^^^^^^^^^^^^
  File "d:\VSCODEPROJECTS\mym\.venv\Lib\site-packages\django\template\base.py", line 966, in render_annotated
    return self.render(context)
           ^^^^^^^^^^^^^^^^^^^^
  File "d:\VSCODEPROJECTS\mym\.venv\Lib\site-packages\django\template\loader_tags.py", line 132, in render
    compiled_parent = self.get_parent(context)
                      ^^^^^^^^^^^^^^^^^^^^^^^^
  File "d:\VSCODEPROJECTS\mym\.venv\Lib\site-packages\django\template\loader_tags.py", line 129, in get_parent
    return self.find_template(parent, context)
           ^^^^^^^^^^^^^^^^^^^^^^^^^^^^^^^^^^^
  File "d:\VSCODEPROJECTS\mym\.venv\Lib\site-packages\django\template\loader_tags.py", line 107, in find_template
    template, origin = context.template.engine.find_template(
                       ^^^^^^^^^^^^^^^^^^^^^^^^^^^^^^^^^^^^^^
  File "d:\VSCODEPROJECTS\mym\.venv\Lib\site-packages\django\template\engine.py", line 161, in find_template
    raise TemplateDoesNotExist(name, tried=tried)
django.template.exceptions.TemplateDoesNotExist: base.html

The above exception was the direct cause of the following exception:

Traceback (most recent call last):
  File "d:\VSCODEPROJECTS\mym\.venv\Lib\site-packages\django\core\handlers\exception.py", line 55, in inner
    response = get_response(request)
               ^^^^^^^^^^^^^^^^^^^^^
  File "d:\VSCODEPROJECTS\mym\.venv\Lib\site-packages\django\core\handlers\base.py", line 197, in _get_response
    response = wrapped_callback(request, *callback_args, **callback_kwargs)
               ^^^^^^^^^^^^^^^^^^^^^^^^^^^^^^^^^^^^^^^^^^^^^^^^^^^^^^^^^^^^
  File "d:\VSCODEPROJECTS\mym\.venv\Lib\site-packages\django\contrib\auth\decorators.py", line 23, in _wrapper_view
    return view_func(request, *args, **kwargs)
           ^^^^^^^^^^^^^^^^^^^^^^^^^^^^^^^^^^^
  File "D:\VSCODEPROJECTS\mym\mymanage\students\views.py", line 181, in update_profile
    return render(request, 'students/student_settings.html', context)
           ^^^^^^^^^^^^^^^^^^^^^^^^^^^^^^^^^^^^^^^^^^^^^^^^^^^^^^^^^^
  File "d:\VSCODEPROJECTS\mym\.venv\Lib\site-packages\django\shortcuts.py", line 24, in render
    content = loader.render_to_string(template_name, context, request, using=using)
              ^^^^^^^^^^^^^^^^^^^^^^^^^^^^^^^^^^^^^^^^^^^^^^^^^^^^^^^^^^^^^^^^^^^^^
  File "d:\VSCODEPROJECTS\mym\.venv\Lib\site-packages\django\template\loader.py", line 62, in render_to_string
    return template.render(context, request)
           ^^^^^^^^^^^^^^^^^^^^^^^^^^^^^^^^^
  File "d:\VSCODEPROJECTS\mym\.venv\Lib\site-packages\django\template\backends\django.py", line 63, in render
    reraise(exc, self.backend)
  File "d:\VSCODEPROJECTS\mym\.venv\Lib\site-packages\django\template\backends\django.py", line 84, in reraise
    raise new from exc
django.template.exceptions.TemplateDoesNotExist: base.html
ERROR 2025-04-09 15:09:29,959 basehttp "GET /students/settings/ HTTP/1.1" 500 142179
ERROR 2025-04-09 15:09:29,959 basehttp "GET /students/settings/ HTTP/1.1" 500 142179
INFO 2025-04-09 15:10:00,215 autoreload Watching for file changes with StatReloader
INFO 2025-04-09 15:10:00,215 autoreload Watching for file changes with StatReloader
ERROR 2025-04-09 15:10:04,644 log Internal Server Error: /students/settings/
Traceback (most recent call last):
  File "d:\VSCODEPROJECTS\mym\.venv\Lib\site-packages\django\template\backends\django.py", line 61, in render
    return self.template.render(context)
           ^^^^^^^^^^^^^^^^^^^^^^^^^^^^^
  File "d:\VSCODEPROJECTS\mym\.venv\Lib\site-packages\django\template\base.py", line 175, in render
    return self._render(context)
           ^^^^^^^^^^^^^^^^^^^^^
  File "d:\VSCODEPROJECTS\mym\.venv\Lib\site-packages\django\template\base.py", line 167, in _render
    return self.nodelist.render(context)
           ^^^^^^^^^^^^^^^^^^^^^^^^^^^^^
  File "d:\VSCODEPROJECTS\mym\.venv\Lib\site-packages\django\template\base.py", line 1005, in render
    return SafeString("".join([node.render_annotated(context) for node in self]))
                              ^^^^^^^^^^^^^^^^^^^^^^^^^^^^^^^^^^^^^^^^^^^^^^^^^
  File "d:\VSCODEPROJECTS\mym\.venv\Lib\site-packages\django\template\base.py", line 1005, in <listcomp>
    return SafeString("".join([node.render_annotated(context) for node in self]))
                               ^^^^^^^^^^^^^^^^^^^^^^^^^^^^^^
  File "d:\VSCODEPROJECTS\mym\.venv\Lib\site-packages\django\template\base.py", line 966, in render_annotated
    return self.render(context)
           ^^^^^^^^^^^^^^^^^^^^
  File "d:\VSCODEPROJECTS\mym\.venv\Lib\site-packages\django\template\loader_tags.py", line 132, in render
    compiled_parent = self.get_parent(context)
                      ^^^^^^^^^^^^^^^^^^^^^^^^
  File "d:\VSCODEPROJECTS\mym\.venv\Lib\site-packages\django\template\loader_tags.py", line 129, in get_parent
    return self.find_template(parent, context)
           ^^^^^^^^^^^^^^^^^^^^^^^^^^^^^^^^^^^
  File "d:\VSCODEPROJECTS\mym\.venv\Lib\site-packages\django\template\loader_tags.py", line 107, in find_template
    template, origin = context.template.engine.find_template(
                       ^^^^^^^^^^^^^^^^^^^^^^^^^^^^^^^^^^^^^^
  File "d:\VSCODEPROJECTS\mym\.venv\Lib\site-packages\django\template\engine.py", line 161, in find_template
    raise TemplateDoesNotExist(name, tried=tried)
django.template.exceptions.TemplateDoesNotExist: base.html

The above exception was the direct cause of the following exception:

Traceback (most recent call last):
  File "d:\VSCODEPROJECTS\mym\.venv\Lib\site-packages\django\core\handlers\exception.py", line 55, in inner
    response = get_response(request)
               ^^^^^^^^^^^^^^^^^^^^^
  File "d:\VSCODEPROJECTS\mym\.venv\Lib\site-packages\django\core\handlers\base.py", line 197, in _get_response
    response = wrapped_callback(request, *callback_args, **callback_kwargs)
               ^^^^^^^^^^^^^^^^^^^^^^^^^^^^^^^^^^^^^^^^^^^^^^^^^^^^^^^^^^^^
  File "d:\VSCODEPROJECTS\mym\.venv\Lib\site-packages\django\contrib\auth\decorators.py", line 23, in _wrapper_view
    return view_func(request, *args, **kwargs)
           ^^^^^^^^^^^^^^^^^^^^^^^^^^^^^^^^^^^
  File "D:\VSCODEPROJECTS\mym\mymanage\students\views.py", line 181, in update_profile
    return render(request, 'students/student_settings.html', context)
           ^^^^^^^^^^^^^^^^^^^^^^^^^^^^^^^^^^^^^^^^^^^^^^^^^^^^^^^^^^
  File "d:\VSCODEPROJECTS\mym\.venv\Lib\site-packages\django\shortcuts.py", line 24, in render
    content = loader.render_to_string(template_name, context, request, using=using)
              ^^^^^^^^^^^^^^^^^^^^^^^^^^^^^^^^^^^^^^^^^^^^^^^^^^^^^^^^^^^^^^^^^^^^^
  File "d:\VSCODEPROJECTS\mym\.venv\Lib\site-packages\django\template\loader.py", line 62, in render_to_string
    return template.render(context, request)
           ^^^^^^^^^^^^^^^^^^^^^^^^^^^^^^^^^
  File "d:\VSCODEPROJECTS\mym\.venv\Lib\site-packages\django\template\backends\django.py", line 63, in render
    reraise(exc, self.backend)
  File "d:\VSCODEPROJECTS\mym\.venv\Lib\site-packages\django\template\backends\django.py", line 84, in reraise
    raise new from exc
django.template.exceptions.TemplateDoesNotExist: base.html
ERROR 2025-04-09 15:10:04,644 log Internal Server Error: /students/settings/
Traceback (most recent call last):
  File "d:\VSCODEPROJECTS\mym\.venv\Lib\site-packages\django\template\backends\django.py", line 61, in render
    return self.template.render(context)
           ^^^^^^^^^^^^^^^^^^^^^^^^^^^^^
  File "d:\VSCODEPROJECTS\mym\.venv\Lib\site-packages\django\template\base.py", line 175, in render
    return self._render(context)
           ^^^^^^^^^^^^^^^^^^^^^
  File "d:\VSCODEPROJECTS\mym\.venv\Lib\site-packages\django\template\base.py", line 167, in _render
    return self.nodelist.render(context)
           ^^^^^^^^^^^^^^^^^^^^^^^^^^^^^
  File "d:\VSCODEPROJECTS\mym\.venv\Lib\site-packages\django\template\base.py", line 1005, in render
    return SafeString("".join([node.render_annotated(context) for node in self]))
                              ^^^^^^^^^^^^^^^^^^^^^^^^^^^^^^^^^^^^^^^^^^^^^^^^^
  File "d:\VSCODEPROJECTS\mym\.venv\Lib\site-packages\django\template\base.py", line 1005, in <listcomp>
    return SafeString("".join([node.render_annotated(context) for node in self]))
                               ^^^^^^^^^^^^^^^^^^^^^^^^^^^^^^
  File "d:\VSCODEPROJECTS\mym\.venv\Lib\site-packages\django\template\base.py", line 966, in render_annotated
    return self.render(context)
           ^^^^^^^^^^^^^^^^^^^^
  File "d:\VSCODEPROJECTS\mym\.venv\Lib\site-packages\django\template\loader_tags.py", line 132, in render
    compiled_parent = self.get_parent(context)
                      ^^^^^^^^^^^^^^^^^^^^^^^^
  File "d:\VSCODEPROJECTS\mym\.venv\Lib\site-packages\django\template\loader_tags.py", line 129, in get_parent
    return self.find_template(parent, context)
           ^^^^^^^^^^^^^^^^^^^^^^^^^^^^^^^^^^^
  File "d:\VSCODEPROJECTS\mym\.venv\Lib\site-packages\django\template\loader_tags.py", line 107, in find_template
    template, origin = context.template.engine.find_template(
                       ^^^^^^^^^^^^^^^^^^^^^^^^^^^^^^^^^^^^^^
  File "d:\VSCODEPROJECTS\mym\.venv\Lib\site-packages\django\template\engine.py", line 161, in find_template
    raise TemplateDoesNotExist(name, tried=tried)
django.template.exceptions.TemplateDoesNotExist: base.html

The above exception was the direct cause of the following exception:

Traceback (most recent call last):
  File "d:\VSCODEPROJECTS\mym\.venv\Lib\site-packages\django\core\handlers\exception.py", line 55, in inner
    response = get_response(request)
               ^^^^^^^^^^^^^^^^^^^^^
  File "d:\VSCODEPROJECTS\mym\.venv\Lib\site-packages\django\core\handlers\base.py", line 197, in _get_response
    response = wrapped_callback(request, *callback_args, **callback_kwargs)
               ^^^^^^^^^^^^^^^^^^^^^^^^^^^^^^^^^^^^^^^^^^^^^^^^^^^^^^^^^^^^
  File "d:\VSCODEPROJECTS\mym\.venv\Lib\site-packages\django\contrib\auth\decorators.py", line 23, in _wrapper_view
    return view_func(request, *args, **kwargs)
           ^^^^^^^^^^^^^^^^^^^^^^^^^^^^^^^^^^^
  File "D:\VSCODEPROJECTS\mym\mymanage\students\views.py", line 181, in update_profile
    return render(request, 'students/student_settings.html', context)
           ^^^^^^^^^^^^^^^^^^^^^^^^^^^^^^^^^^^^^^^^^^^^^^^^^^^^^^^^^^
  File "d:\VSCODEPROJECTS\mym\.venv\Lib\site-packages\django\shortcuts.py", line 24, in render
    content = loader.render_to_string(template_name, context, request, using=using)
              ^^^^^^^^^^^^^^^^^^^^^^^^^^^^^^^^^^^^^^^^^^^^^^^^^^^^^^^^^^^^^^^^^^^^^
  File "d:\VSCODEPROJECTS\mym\.venv\Lib\site-packages\django\template\loader.py", line 62, in render_to_string
    return template.render(context, request)
           ^^^^^^^^^^^^^^^^^^^^^^^^^^^^^^^^^
  File "d:\VSCODEPROJECTS\mym\.venv\Lib\site-packages\django\template\backends\django.py", line 63, in render
    reraise(exc, self.backend)
  File "d:\VSCODEPROJECTS\mym\.venv\Lib\site-packages\django\template\backends\django.py", line 84, in reraise
    raise new from exc
django.template.exceptions.TemplateDoesNotExist: base.html
ERROR 2025-04-09 15:10:04,652 basehttp "GET /students/settings/ HTTP/1.1" 500 142179
ERROR 2025-04-09 15:10:04,652 basehttp "GET /students/settings/ HTTP/1.1" 500 142179
ERROR 2025-04-09 15:10:50,031 log Internal Server Error: /students/settings/
Traceback (most recent call last):
  File "d:\VSCODEPROJECTS\mym\.venv\Lib\site-packages\django\core\handlers\exception.py", line 55, in inner
    response = get_response(request)
               ^^^^^^^^^^^^^^^^^^^^^
  File "d:\VSCODEPROJECTS\mym\.venv\Lib\site-packages\django\core\handlers\base.py", line 197, in _get_response
    response = wrapped_callback(request, *callback_args, **callback_kwargs)
               ^^^^^^^^^^^^^^^^^^^^^^^^^^^^^^^^^^^^^^^^^^^^^^^^^^^^^^^^^^^^
  File "d:\VSCODEPROJECTS\mym\.venv\Lib\site-packages\django\contrib\auth\decorators.py", line 23, in _wrapper_view
    return view_func(request, *args, **kwargs)
           ^^^^^^^^^^^^^^^^^^^^^^^^^^^^^^^^^^^
  File "D:\VSCODEPROJECTS\mym\mymanage\students\views.py", line 181, in update_profile
    return render(request, 'students/student_settings.html', context)
           ^^^^^^^^^^^^^^^^^^^^^^^^^^^^^^^^^^^^^^^^^^^^^^^^^^^^^^^^^^
  File "d:\VSCODEPROJECTS\mym\.venv\Lib\site-packages\django\shortcuts.py", line 24, in render
    content = loader.render_to_string(template_name, context, request, using=using)
              ^^^^^^^^^^^^^^^^^^^^^^^^^^^^^^^^^^^^^^^^^^^^^^^^^^^^^^^^^^^^^^^^^^^^^
  File "d:\VSCODEPROJECTS\mym\.venv\Lib\site-packages\django\template\loader.py", line 62, in render_to_string
    return template.render(context, request)
           ^^^^^^^^^^^^^^^^^^^^^^^^^^^^^^^^^
  File "d:\VSCODEPROJECTS\mym\.venv\Lib\site-packages\django\template\backends\django.py", line 61, in render
    return self.template.render(context)
           ^^^^^^^^^^^^^^^^^^^^^^^^^^^^^
  File "d:\VSCODEPROJECTS\mym\.venv\Lib\site-packages\django\template\base.py", line 175, in render
    return self._render(context)
           ^^^^^^^^^^^^^^^^^^^^^
  File "d:\VSCODEPROJECTS\mym\.venv\Lib\site-packages\django\template\base.py", line 167, in _render
    return self.nodelist.render(context)
           ^^^^^^^^^^^^^^^^^^^^^^^^^^^^^
  File "d:\VSCODEPROJECTS\mym\.venv\Lib\site-packages\django\template\base.py", line 1005, in render
    return SafeString("".join([node.render_annotated(context) for node in self]))
                              ^^^^^^^^^^^^^^^^^^^^^^^^^^^^^^^^^^^^^^^^^^^^^^^^^
  File "d:\VSCODEPROJECTS\mym\.venv\Lib\site-packages\django\template\base.py", line 1005, in <listcomp>
    return SafeString("".join([node.render_annotated(context) for node in self]))
                               ^^^^^^^^^^^^^^^^^^^^^^^^^^^^^^
  File "d:\VSCODEPROJECTS\mym\.venv\Lib\site-packages\django\template\base.py", line 966, in render_annotated
    return self.render(context)
           ^^^^^^^^^^^^^^^^^^^^
  File "d:\VSCODEPROJECTS\mym\.venv\Lib\site-packages\django\template\loader_tags.py", line 157, in render
    return compiled_parent._render(context)
           ^^^^^^^^^^^^^^^^^^^^^^^^^^^^^^^^
  File "d:\VSCODEPROJECTS\mym\.venv\Lib\site-packages\django\template\base.py", line 167, in _render
    return self.nodelist.render(context)
           ^^^^^^^^^^^^^^^^^^^^^^^^^^^^^
  File "d:\VSCODEPROJECTS\mym\.venv\Lib\site-packages\django\template\base.py", line 1005, in render
    return SafeString("".join([node.render_annotated(context) for node in self]))
                              ^^^^^^^^^^^^^^^^^^^^^^^^^^^^^^^^^^^^^^^^^^^^^^^^^
  File "d:\VSCODEPROJECTS\mym\.venv\Lib\site-packages\django\template\base.py", line 1005, in <listcomp>
    return SafeString("".join([node.render_annotated(context) for node in self]))
                               ^^^^^^^^^^^^^^^^^^^^^^^^^^^^^^
  File "d:\VSCODEPROJECTS\mym\.venv\Lib\site-packages\django\template\base.py", line 966, in render_annotated
    return self.render(context)
           ^^^^^^^^^^^^^^^^^^^^
  File "d:\VSCODEPROJECTS\mym\.venv\Lib\site-packages\django\template\loader_tags.py", line 63, in render
    result = block.nodelist.render(context)
             ^^^^^^^^^^^^^^^^^^^^^^^^^^^^^^
  File "d:\VSCODEPROJECTS\mym\.venv\Lib\site-packages\django\template\base.py", line 1005, in render
    return SafeString("".join([node.render_annotated(context) for node in self]))
                              ^^^^^^^^^^^^^^^^^^^^^^^^^^^^^^^^^^^^^^^^^^^^^^^^^
  File "d:\VSCODEPROJECTS\mym\.venv\Lib\site-packages\django\template\base.py", line 1005, in <listcomp>
    return SafeString("".join([node.render_annotated(context) for node in self]))
                               ^^^^^^^^^^^^^^^^^^^^^^^^^^^^^^
  File "d:\VSCODEPROJECTS\mym\.venv\Lib\site-packages\django\template\base.py", line 966, in render_annotated
    return self.render(context)
           ^^^^^^^^^^^^^^^^^^^^
  File "d:\VSCODEPROJECTS\mym\.venv\Lib\site-packages\django\template\defaulttags.py", line 471, in render
    url = reverse(view_name, args=args, kwargs=kwargs, current_app=current_app)
          ^^^^^^^^^^^^^^^^^^^^^^^^^^^^^^^^^^^^^^^^^^^^^^^^^^^^^^^^^^^^^^^^^^^^^
  File "d:\VSCODEPROJECTS\mym\.venv\Lib\site-packages\django\urls\base.py", line 88, in reverse
    return resolver._reverse_with_prefix(view, prefix, *args, **kwargs)
           ^^^^^^^^^^^^^^^^^^^^^^^^^^^^^^^^^^^^^^^^^^^^^^^^^^^^^^^^^^^^
  File "d:\VSCODEPROJECTS\mym\.venv\Lib\site-packages\django\urls\resolvers.py", line 828, in _reverse_with_prefix
    raise NoReverseMatch(msg)
django.urls.exceptions.NoReverseMatch: Reverse for 'settings' not found. 'settings' is not a valid view function or pattern name.
ERROR 2025-04-09 15:10:50,031 log Internal Server Error: /students/settings/
Traceback (most recent call last):
  File "d:\VSCODEPROJECTS\mym\.venv\Lib\site-packages\django\core\handlers\exception.py", line 55, in inner
    response = get_response(request)
               ^^^^^^^^^^^^^^^^^^^^^
  File "d:\VSCODEPROJECTS\mym\.venv\Lib\site-packages\django\core\handlers\base.py", line 197, in _get_response
    response = wrapped_callback(request, *callback_args, **callback_kwargs)
               ^^^^^^^^^^^^^^^^^^^^^^^^^^^^^^^^^^^^^^^^^^^^^^^^^^^^^^^^^^^^
  File "d:\VSCODEPROJECTS\mym\.venv\Lib\site-packages\django\contrib\auth\decorators.py", line 23, in _wrapper_view
    return view_func(request, *args, **kwargs)
           ^^^^^^^^^^^^^^^^^^^^^^^^^^^^^^^^^^^
  File "D:\VSCODEPROJECTS\mym\mymanage\students\views.py", line 181, in update_profile
    return render(request, 'students/student_settings.html', context)
           ^^^^^^^^^^^^^^^^^^^^^^^^^^^^^^^^^^^^^^^^^^^^^^^^^^^^^^^^^^
  File "d:\VSCODEPROJECTS\mym\.venv\Lib\site-packages\django\shortcuts.py", line 24, in render
    content = loader.render_to_string(template_name, context, request, using=using)
              ^^^^^^^^^^^^^^^^^^^^^^^^^^^^^^^^^^^^^^^^^^^^^^^^^^^^^^^^^^^^^^^^^^^^^
  File "d:\VSCODEPROJECTS\mym\.venv\Lib\site-packages\django\template\loader.py", line 62, in render_to_string
    return template.render(context, request)
           ^^^^^^^^^^^^^^^^^^^^^^^^^^^^^^^^^
  File "d:\VSCODEPROJECTS\mym\.venv\Lib\site-packages\django\template\backends\django.py", line 61, in render
    return self.template.render(context)
           ^^^^^^^^^^^^^^^^^^^^^^^^^^^^^
  File "d:\VSCODEPROJECTS\mym\.venv\Lib\site-packages\django\template\base.py", line 175, in render
    return self._render(context)
           ^^^^^^^^^^^^^^^^^^^^^
  File "d:\VSCODEPROJECTS\mym\.venv\Lib\site-packages\django\template\base.py", line 167, in _render
    return self.nodelist.render(context)
           ^^^^^^^^^^^^^^^^^^^^^^^^^^^^^
  File "d:\VSCODEPROJECTS\mym\.venv\Lib\site-packages\django\template\base.py", line 1005, in render
    return SafeString("".join([node.render_annotated(context) for node in self]))
                              ^^^^^^^^^^^^^^^^^^^^^^^^^^^^^^^^^^^^^^^^^^^^^^^^^
  File "d:\VSCODEPROJECTS\mym\.venv\Lib\site-packages\django\template\base.py", line 1005, in <listcomp>
    return SafeString("".join([node.render_annotated(context) for node in self]))
                               ^^^^^^^^^^^^^^^^^^^^^^^^^^^^^^
  File "d:\VSCODEPROJECTS\mym\.venv\Lib\site-packages\django\template\base.py", line 966, in render_annotated
    return self.render(context)
           ^^^^^^^^^^^^^^^^^^^^
  File "d:\VSCODEPROJECTS\mym\.venv\Lib\site-packages\django\template\loader_tags.py", line 157, in render
    return compiled_parent._render(context)
           ^^^^^^^^^^^^^^^^^^^^^^^^^^^^^^^^
  File "d:\VSCODEPROJECTS\mym\.venv\Lib\site-packages\django\template\base.py", line 167, in _render
    return self.nodelist.render(context)
           ^^^^^^^^^^^^^^^^^^^^^^^^^^^^^
  File "d:\VSCODEPROJECTS\mym\.venv\Lib\site-packages\django\template\base.py", line 1005, in render
    return SafeString("".join([node.render_annotated(context) for node in self]))
                              ^^^^^^^^^^^^^^^^^^^^^^^^^^^^^^^^^^^^^^^^^^^^^^^^^
  File "d:\VSCODEPROJECTS\mym\.venv\Lib\site-packages\django\template\base.py", line 1005, in <listcomp>
    return SafeString("".join([node.render_annotated(context) for node in self]))
                               ^^^^^^^^^^^^^^^^^^^^^^^^^^^^^^
  File "d:\VSCODEPROJECTS\mym\.venv\Lib\site-packages\django\template\base.py", line 966, in render_annotated
    return self.render(context)
           ^^^^^^^^^^^^^^^^^^^^
  File "d:\VSCODEPROJECTS\mym\.venv\Lib\site-packages\django\template\loader_tags.py", line 63, in render
    result = block.nodelist.render(context)
             ^^^^^^^^^^^^^^^^^^^^^^^^^^^^^^
  File "d:\VSCODEPROJECTS\mym\.venv\Lib\site-packages\django\template\base.py", line 1005, in render
    return SafeString("".join([node.render_annotated(context) for node in self]))
                              ^^^^^^^^^^^^^^^^^^^^^^^^^^^^^^^^^^^^^^^^^^^^^^^^^
  File "d:\VSCODEPROJECTS\mym\.venv\Lib\site-packages\django\template\base.py", line 1005, in <listcomp>
    return SafeString("".join([node.render_annotated(context) for node in self]))
                               ^^^^^^^^^^^^^^^^^^^^^^^^^^^^^^
  File "d:\VSCODEPROJECTS\mym\.venv\Lib\site-packages\django\template\base.py", line 966, in render_annotated
    return self.render(context)
           ^^^^^^^^^^^^^^^^^^^^
  File "d:\VSCODEPROJECTS\mym\.venv\Lib\site-packages\django\template\defaulttags.py", line 471, in render
    url = reverse(view_name, args=args, kwargs=kwargs, current_app=current_app)
          ^^^^^^^^^^^^^^^^^^^^^^^^^^^^^^^^^^^^^^^^^^^^^^^^^^^^^^^^^^^^^^^^^^^^^
  File "d:\VSCODEPROJECTS\mym\.venv\Lib\site-packages\django\urls\base.py", line 88, in reverse
    return resolver._reverse_with_prefix(view, prefix, *args, **kwargs)
           ^^^^^^^^^^^^^^^^^^^^^^^^^^^^^^^^^^^^^^^^^^^^^^^^^^^^^^^^^^^^
  File "d:\VSCODEPROJECTS\mym\.venv\Lib\site-packages\django\urls\resolvers.py", line 828, in _reverse_with_prefix
    raise NoReverseMatch(msg)
django.urls.exceptions.NoReverseMatch: Reverse for 'settings' not found. 'settings' is not a valid view function or pattern name.
ERROR 2025-04-09 15:10:50,043 basehttp "GET /students/settings/ HTTP/1.1" 500 182187
ERROR 2025-04-09 15:10:50,043 basehttp "GET /students/settings/ HTTP/1.1" 500 182187
ERROR 2025-04-09 15:11:07,533 log Internal Server Error: /students/settings/
Traceback (most recent call last):
  File "d:\VSCODEPROJECTS\mym\.venv\Lib\site-packages\django\core\handlers\exception.py", line 55, in inner
    response = get_response(request)
               ^^^^^^^^^^^^^^^^^^^^^
  File "d:\VSCODEPROJECTS\mym\.venv\Lib\site-packages\django\core\handlers\base.py", line 197, in _get_response
    response = wrapped_callback(request, *callback_args, **callback_kwargs)
               ^^^^^^^^^^^^^^^^^^^^^^^^^^^^^^^^^^^^^^^^^^^^^^^^^^^^^^^^^^^^
  File "d:\VSCODEPROJECTS\mym\.venv\Lib\site-packages\django\contrib\auth\decorators.py", line 23, in _wrapper_view
    return view_func(request, *args, **kwargs)
           ^^^^^^^^^^^^^^^^^^^^^^^^^^^^^^^^^^^
  File "D:\VSCODEPROJECTS\mym\mymanage\students\views.py", line 181, in update_profile
    return render(request, 'students/student_settings.html', context)
           ^^^^^^^^^^^^^^^^^^^^^^^^^^^^^^^^^^^^^^^^^^^^^^^^^^^^^^^^^^
  File "d:\VSCODEPROJECTS\mym\.venv\Lib\site-packages\django\shortcuts.py", line 24, in render
    content = loader.render_to_string(template_name, context, request, using=using)
              ^^^^^^^^^^^^^^^^^^^^^^^^^^^^^^^^^^^^^^^^^^^^^^^^^^^^^^^^^^^^^^^^^^^^^
  File "d:\VSCODEPROJECTS\mym\.venv\Lib\site-packages\django\template\loader.py", line 62, in render_to_string
    return template.render(context, request)
           ^^^^^^^^^^^^^^^^^^^^^^^^^^^^^^^^^
  File "d:\VSCODEPROJECTS\mym\.venv\Lib\site-packages\django\template\backends\django.py", line 61, in render
    return self.template.render(context)
           ^^^^^^^^^^^^^^^^^^^^^^^^^^^^^
  File "d:\VSCODEPROJECTS\mym\.venv\Lib\site-packages\django\template\base.py", line 175, in render
    return self._render(context)
           ^^^^^^^^^^^^^^^^^^^^^
  File "d:\VSCODEPROJECTS\mym\.venv\Lib\site-packages\django\template\base.py", line 167, in _render
    return self.nodelist.render(context)
           ^^^^^^^^^^^^^^^^^^^^^^^^^^^^^
  File "d:\VSCODEPROJECTS\mym\.venv\Lib\site-packages\django\template\base.py", line 1005, in render
    return SafeString("".join([node.render_annotated(context) for node in self]))
                              ^^^^^^^^^^^^^^^^^^^^^^^^^^^^^^^^^^^^^^^^^^^^^^^^^
  File "d:\VSCODEPROJECTS\mym\.venv\Lib\site-packages\django\template\base.py", line 1005, in <listcomp>
    return SafeString("".join([node.render_annotated(context) for node in self]))
                               ^^^^^^^^^^^^^^^^^^^^^^^^^^^^^^
  File "d:\VSCODEPROJECTS\mym\.venv\Lib\site-packages\django\template\base.py", line 966, in render_annotated
    return self.render(context)
           ^^^^^^^^^^^^^^^^^^^^
  File "d:\VSCODEPROJECTS\mym\.venv\Lib\site-packages\django\template\loader_tags.py", line 157, in render
    return compiled_parent._render(context)
           ^^^^^^^^^^^^^^^^^^^^^^^^^^^^^^^^
  File "d:\VSCODEPROJECTS\mym\.venv\Lib\site-packages\django\template\base.py", line 167, in _render
    return self.nodelist.render(context)
           ^^^^^^^^^^^^^^^^^^^^^^^^^^^^^
  File "d:\VSCODEPROJECTS\mym\.venv\Lib\site-packages\django\template\base.py", line 1005, in render
    return SafeString("".join([node.render_annotated(context) for node in self]))
                              ^^^^^^^^^^^^^^^^^^^^^^^^^^^^^^^^^^^^^^^^^^^^^^^^^
  File "d:\VSCODEPROJECTS\mym\.venv\Lib\site-packages\django\template\base.py", line 1005, in <listcomp>
    return SafeString("".join([node.render_annotated(context) for node in self]))
                               ^^^^^^^^^^^^^^^^^^^^^^^^^^^^^^
  File "d:\VSCODEPROJECTS\mym\.venv\Lib\site-packages\django\template\base.py", line 966, in render_annotated
    return self.render(context)
           ^^^^^^^^^^^^^^^^^^^^
  File "d:\VSCODEPROJECTS\mym\.venv\Lib\site-packages\django\template\loader_tags.py", line 63, in render
    result = block.nodelist.render(context)
             ^^^^^^^^^^^^^^^^^^^^^^^^^^^^^^
  File "d:\VSCODEPROJECTS\mym\.venv\Lib\site-packages\django\template\base.py", line 1005, in render
    return SafeString("".join([node.render_annotated(context) for node in self]))
                              ^^^^^^^^^^^^^^^^^^^^^^^^^^^^^^^^^^^^^^^^^^^^^^^^^
  File "d:\VSCODEPROJECTS\mym\.venv\Lib\site-packages\django\template\base.py", line 1005, in <listcomp>
    return SafeString("".join([node.render_annotated(context) for node in self]))
                               ^^^^^^^^^^^^^^^^^^^^^^^^^^^^^^
  File "d:\VSCODEPROJECTS\mym\.venv\Lib\site-packages\django\template\base.py", line 966, in render_annotated
    return self.render(context)
           ^^^^^^^^^^^^^^^^^^^^
  File "d:\VSCODEPROJECTS\mym\.venv\Lib\site-packages\django\template\defaulttags.py", line 471, in render
    url = reverse(view_name, args=args, kwargs=kwargs, current_app=current_app)
          ^^^^^^^^^^^^^^^^^^^^^^^^^^^^^^^^^^^^^^^^^^^^^^^^^^^^^^^^^^^^^^^^^^^^^
  File "d:\VSCODEPROJECTS\mym\.venv\Lib\site-packages\django\urls\base.py", line 88, in reverse
    return resolver._reverse_with_prefix(view, prefix, *args, **kwargs)
           ^^^^^^^^^^^^^^^^^^^^^^^^^^^^^^^^^^^^^^^^^^^^^^^^^^^^^^^^^^^^
  File "d:\VSCODEPROJECTS\mym\.venv\Lib\site-packages\django\urls\resolvers.py", line 828, in _reverse_with_prefix
    raise NoReverseMatch(msg)
django.urls.exceptions.NoReverseMatch: Reverse for 'settings' not found. 'settings' is not a valid view function or pattern name.
ERROR 2025-04-09 15:11:07,533 log Internal Server Error: /students/settings/
Traceback (most recent call last):
  File "d:\VSCODEPROJECTS\mym\.venv\Lib\site-packages\django\core\handlers\exception.py", line 55, in inner
    response = get_response(request)
               ^^^^^^^^^^^^^^^^^^^^^
  File "d:\VSCODEPROJECTS\mym\.venv\Lib\site-packages\django\core\handlers\base.py", line 197, in _get_response
    response = wrapped_callback(request, *callback_args, **callback_kwargs)
               ^^^^^^^^^^^^^^^^^^^^^^^^^^^^^^^^^^^^^^^^^^^^^^^^^^^^^^^^^^^^
  File "d:\VSCODEPROJECTS\mym\.venv\Lib\site-packages\django\contrib\auth\decorators.py", line 23, in _wrapper_view
    return view_func(request, *args, **kwargs)
           ^^^^^^^^^^^^^^^^^^^^^^^^^^^^^^^^^^^
  File "D:\VSCODEPROJECTS\mym\mymanage\students\views.py", line 181, in update_profile
    return render(request, 'students/student_settings.html', context)
           ^^^^^^^^^^^^^^^^^^^^^^^^^^^^^^^^^^^^^^^^^^^^^^^^^^^^^^^^^^
  File "d:\VSCODEPROJECTS\mym\.venv\Lib\site-packages\django\shortcuts.py", line 24, in render
    content = loader.render_to_string(template_name, context, request, using=using)
              ^^^^^^^^^^^^^^^^^^^^^^^^^^^^^^^^^^^^^^^^^^^^^^^^^^^^^^^^^^^^^^^^^^^^^
  File "d:\VSCODEPROJECTS\mym\.venv\Lib\site-packages\django\template\loader.py", line 62, in render_to_string
    return template.render(context, request)
           ^^^^^^^^^^^^^^^^^^^^^^^^^^^^^^^^^
  File "d:\VSCODEPROJECTS\mym\.venv\Lib\site-packages\django\template\backends\django.py", line 61, in render
    return self.template.render(context)
           ^^^^^^^^^^^^^^^^^^^^^^^^^^^^^
  File "d:\VSCODEPROJECTS\mym\.venv\Lib\site-packages\django\template\base.py", line 175, in render
    return self._render(context)
           ^^^^^^^^^^^^^^^^^^^^^
  File "d:\VSCODEPROJECTS\mym\.venv\Lib\site-packages\django\template\base.py", line 167, in _render
    return self.nodelist.render(context)
           ^^^^^^^^^^^^^^^^^^^^^^^^^^^^^
  File "d:\VSCODEPROJECTS\mym\.venv\Lib\site-packages\django\template\base.py", line 1005, in render
    return SafeString("".join([node.render_annotated(context) for node in self]))
                              ^^^^^^^^^^^^^^^^^^^^^^^^^^^^^^^^^^^^^^^^^^^^^^^^^
  File "d:\VSCODEPROJECTS\mym\.venv\Lib\site-packages\django\template\base.py", line 1005, in <listcomp>
    return SafeString("".join([node.render_annotated(context) for node in self]))
                               ^^^^^^^^^^^^^^^^^^^^^^^^^^^^^^
  File "d:\VSCODEPROJECTS\mym\.venv\Lib\site-packages\django\template\base.py", line 966, in render_annotated
    return self.render(context)
           ^^^^^^^^^^^^^^^^^^^^
  File "d:\VSCODEPROJECTS\mym\.venv\Lib\site-packages\django\template\loader_tags.py", line 157, in render
    return compiled_parent._render(context)
           ^^^^^^^^^^^^^^^^^^^^^^^^^^^^^^^^
  File "d:\VSCODEPROJECTS\mym\.venv\Lib\site-packages\django\template\base.py", line 167, in _render
    return self.nodelist.render(context)
           ^^^^^^^^^^^^^^^^^^^^^^^^^^^^^
  File "d:\VSCODEPROJECTS\mym\.venv\Lib\site-packages\django\template\base.py", line 1005, in render
    return SafeString("".join([node.render_annotated(context) for node in self]))
                              ^^^^^^^^^^^^^^^^^^^^^^^^^^^^^^^^^^^^^^^^^^^^^^^^^
  File "d:\VSCODEPROJECTS\mym\.venv\Lib\site-packages\django\template\base.py", line 1005, in <listcomp>
    return SafeString("".join([node.render_annotated(context) for node in self]))
                               ^^^^^^^^^^^^^^^^^^^^^^^^^^^^^^
  File "d:\VSCODEPROJECTS\mym\.venv\Lib\site-packages\django\template\base.py", line 966, in render_annotated
    return self.render(context)
           ^^^^^^^^^^^^^^^^^^^^
  File "d:\VSCODEPROJECTS\mym\.venv\Lib\site-packages\django\template\loader_tags.py", line 63, in render
    result = block.nodelist.render(context)
             ^^^^^^^^^^^^^^^^^^^^^^^^^^^^^^
  File "d:\VSCODEPROJECTS\mym\.venv\Lib\site-packages\django\template\base.py", line 1005, in render
    return SafeString("".join([node.render_annotated(context) for node in self]))
                              ^^^^^^^^^^^^^^^^^^^^^^^^^^^^^^^^^^^^^^^^^^^^^^^^^
  File "d:\VSCODEPROJECTS\mym\.venv\Lib\site-packages\django\template\base.py", line 1005, in <listcomp>
    return SafeString("".join([node.render_annotated(context) for node in self]))
                               ^^^^^^^^^^^^^^^^^^^^^^^^^^^^^^
  File "d:\VSCODEPROJECTS\mym\.venv\Lib\site-packages\django\template\base.py", line 966, in render_annotated
    return self.render(context)
           ^^^^^^^^^^^^^^^^^^^^
  File "d:\VSCODEPROJECTS\mym\.venv\Lib\site-packages\django\template\defaulttags.py", line 471, in render
    url = reverse(view_name, args=args, kwargs=kwargs, current_app=current_app)
          ^^^^^^^^^^^^^^^^^^^^^^^^^^^^^^^^^^^^^^^^^^^^^^^^^^^^^^^^^^^^^^^^^^^^^
  File "d:\VSCODEPROJECTS\mym\.venv\Lib\site-packages\django\urls\base.py", line 88, in reverse
    return resolver._reverse_with_prefix(view, prefix, *args, **kwargs)
           ^^^^^^^^^^^^^^^^^^^^^^^^^^^^^^^^^^^^^^^^^^^^^^^^^^^^^^^^^^^^
  File "d:\VSCODEPROJECTS\mym\.venv\Lib\site-packages\django\urls\resolvers.py", line 828, in _reverse_with_prefix
    raise NoReverseMatch(msg)
django.urls.exceptions.NoReverseMatch: Reverse for 'settings' not found. 'settings' is not a valid view function or pattern name.
ERROR 2025-04-09 15:11:07,542 basehttp "GET /students/settings/ HTTP/1.1" 500 182050
ERROR 2025-04-09 15:11:07,542 basehttp "GET /students/settings/ HTTP/1.1" 500 182050
INFO 2025-04-09 15:11:25,240 autoreload D:\VSCODEPROJECTS\mym\mymanage\students\urls.py changed, reloading.
INFO 2025-04-09 15:11:25,240 autoreload D:\VSCODEPROJECTS\mym\mymanage\students\urls.py changed, reloading.
INFO 2025-04-09 15:11:25,799 autoreload Watching for file changes with StatReloader
INFO 2025-04-09 15:11:25,799 autoreload Watching for file changes with StatReloader
ERROR 2025-04-09 15:11:32,130 log Internal Server Error: /students/settings/
Traceback (most recent call last):
  File "d:\VSCODEPROJECTS\mym\.venv\Lib\site-packages\django\core\handlers\exception.py", line 55, in inner
    response = get_response(request)
               ^^^^^^^^^^^^^^^^^^^^^
  File "d:\VSCODEPROJECTS\mym\.venv\Lib\site-packages\django\core\handlers\base.py", line 197, in _get_response
    response = wrapped_callback(request, *callback_args, **callback_kwargs)
               ^^^^^^^^^^^^^^^^^^^^^^^^^^^^^^^^^^^^^^^^^^^^^^^^^^^^^^^^^^^^
  File "d:\VSCODEPROJECTS\mym\.venv\Lib\site-packages\django\contrib\auth\decorators.py", line 23, in _wrapper_view
    return view_func(request, *args, **kwargs)
           ^^^^^^^^^^^^^^^^^^^^^^^^^^^^^^^^^^^
  File "D:\VSCODEPROJECTS\mym\mymanage\students\views.py", line 181, in update_profile
    return render(request, 'students/student_settings.html', context)
           ^^^^^^^^^^^^^^^^^^^^^^^^^^^^^^^^^^^^^^^^^^^^^^^^^^^^^^^^^^
  File "d:\VSCODEPROJECTS\mym\.venv\Lib\site-packages\django\shortcuts.py", line 24, in render
    content = loader.render_to_string(template_name, context, request, using=using)
              ^^^^^^^^^^^^^^^^^^^^^^^^^^^^^^^^^^^^^^^^^^^^^^^^^^^^^^^^^^^^^^^^^^^^^
  File "d:\VSCODEPROJECTS\mym\.venv\Lib\site-packages\django\template\loader.py", line 62, in render_to_string
    return template.render(context, request)
           ^^^^^^^^^^^^^^^^^^^^^^^^^^^^^^^^^
  File "d:\VSCODEPROJECTS\mym\.venv\Lib\site-packages\django\template\backends\django.py", line 61, in render
    return self.template.render(context)
           ^^^^^^^^^^^^^^^^^^^^^^^^^^^^^
  File "d:\VSCODEPROJECTS\mym\.venv\Lib\site-packages\django\template\base.py", line 175, in render
    return self._render(context)
           ^^^^^^^^^^^^^^^^^^^^^
  File "d:\VSCODEPROJECTS\mym\.venv\Lib\site-packages\django\template\base.py", line 167, in _render
    return self.nodelist.render(context)
           ^^^^^^^^^^^^^^^^^^^^^^^^^^^^^
  File "d:\VSCODEPROJECTS\mym\.venv\Lib\site-packages\django\template\base.py", line 1005, in render
    return SafeString("".join([node.render_annotated(context) for node in self]))
                              ^^^^^^^^^^^^^^^^^^^^^^^^^^^^^^^^^^^^^^^^^^^^^^^^^
  File "d:\VSCODEPROJECTS\mym\.venv\Lib\site-packages\django\template\base.py", line 1005, in <listcomp>
    return SafeString("".join([node.render_annotated(context) for node in self]))
                               ^^^^^^^^^^^^^^^^^^^^^^^^^^^^^^
  File "d:\VSCODEPROJECTS\mym\.venv\Lib\site-packages\django\template\base.py", line 966, in render_annotated
    return self.render(context)
           ^^^^^^^^^^^^^^^^^^^^
  File "d:\VSCODEPROJECTS\mym\.venv\Lib\site-packages\django\template\loader_tags.py", line 157, in render
    return compiled_parent._render(context)
           ^^^^^^^^^^^^^^^^^^^^^^^^^^^^^^^^
  File "d:\VSCODEPROJECTS\mym\.venv\Lib\site-packages\django\template\base.py", line 167, in _render
    return self.nodelist.render(context)
           ^^^^^^^^^^^^^^^^^^^^^^^^^^^^^
  File "d:\VSCODEPROJECTS\mym\.venv\Lib\site-packages\django\template\base.py", line 1005, in render
    return SafeString("".join([node.render_annotated(context) for node in self]))
                              ^^^^^^^^^^^^^^^^^^^^^^^^^^^^^^^^^^^^^^^^^^^^^^^^^
  File "d:\VSCODEPROJECTS\mym\.venv\Lib\site-packages\django\template\base.py", line 1005, in <listcomp>
    return SafeString("".join([node.render_annotated(context) for node in self]))
                               ^^^^^^^^^^^^^^^^^^^^^^^^^^^^^^
  File "d:\VSCODEPROJECTS\mym\.venv\Lib\site-packages\django\template\base.py", line 966, in render_annotated
    return self.render(context)
           ^^^^^^^^^^^^^^^^^^^^
  File "d:\VSCODEPROJECTS\mym\.venv\Lib\site-packages\django\template\defaulttags.py", line 471, in render
    url = reverse(view_name, args=args, kwargs=kwargs, current_app=current_app)
          ^^^^^^^^^^^^^^^^^^^^^^^^^^^^^^^^^^^^^^^^^^^^^^^^^^^^^^^^^^^^^^^^^^^^^
  File "d:\VSCODEPROJECTS\mym\.venv\Lib\site-packages\django\urls\base.py", line 88, in reverse
    return resolver._reverse_with_prefix(view, prefix, *args, **kwargs)
           ^^^^^^^^^^^^^^^^^^^^^^^^^^^^^^^^^^^^^^^^^^^^^^^^^^^^^^^^^^^^
  File "d:\VSCODEPROJECTS\mym\.venv\Lib\site-packages\django\urls\resolvers.py", line 828, in _reverse_with_prefix
    raise NoReverseMatch(msg)
django.urls.exceptions.NoReverseMatch: Reverse for 'update_profile' not found. 'update_profile' is not a valid view function or pattern name.
ERROR 2025-04-09 15:11:32,130 log Internal Server Error: /students/settings/
Traceback (most recent call last):
  File "d:\VSCODEPROJECTS\mym\.venv\Lib\site-packages\django\core\handlers\exception.py", line 55, in inner
    response = get_response(request)
               ^^^^^^^^^^^^^^^^^^^^^
  File "d:\VSCODEPROJECTS\mym\.venv\Lib\site-packages\django\core\handlers\base.py", line 197, in _get_response
    response = wrapped_callback(request, *callback_args, **callback_kwargs)
               ^^^^^^^^^^^^^^^^^^^^^^^^^^^^^^^^^^^^^^^^^^^^^^^^^^^^^^^^^^^^
  File "d:\VSCODEPROJECTS\mym\.venv\Lib\site-packages\django\contrib\auth\decorators.py", line 23, in _wrapper_view
    return view_func(request, *args, **kwargs)
           ^^^^^^^^^^^^^^^^^^^^^^^^^^^^^^^^^^^
  File "D:\VSCODEPROJECTS\mym\mymanage\students\views.py", line 181, in update_profile
    return render(request, 'students/student_settings.html', context)
           ^^^^^^^^^^^^^^^^^^^^^^^^^^^^^^^^^^^^^^^^^^^^^^^^^^^^^^^^^^
  File "d:\VSCODEPROJECTS\mym\.venv\Lib\site-packages\django\shortcuts.py", line 24, in render
    content = loader.render_to_string(template_name, context, request, using=using)
              ^^^^^^^^^^^^^^^^^^^^^^^^^^^^^^^^^^^^^^^^^^^^^^^^^^^^^^^^^^^^^^^^^^^^^
  File "d:\VSCODEPROJECTS\mym\.venv\Lib\site-packages\django\template\loader.py", line 62, in render_to_string
    return template.render(context, request)
           ^^^^^^^^^^^^^^^^^^^^^^^^^^^^^^^^^
  File "d:\VSCODEPROJECTS\mym\.venv\Lib\site-packages\django\template\backends\django.py", line 61, in render
    return self.template.render(context)
           ^^^^^^^^^^^^^^^^^^^^^^^^^^^^^
  File "d:\VSCODEPROJECTS\mym\.venv\Lib\site-packages\django\template\base.py", line 175, in render
    return self._render(context)
           ^^^^^^^^^^^^^^^^^^^^^
  File "d:\VSCODEPROJECTS\mym\.venv\Lib\site-packages\django\template\base.py", line 167, in _render
    return self.nodelist.render(context)
           ^^^^^^^^^^^^^^^^^^^^^^^^^^^^^
  File "d:\VSCODEPROJECTS\mym\.venv\Lib\site-packages\django\template\base.py", line 1005, in render
    return SafeString("".join([node.render_annotated(context) for node in self]))
                              ^^^^^^^^^^^^^^^^^^^^^^^^^^^^^^^^^^^^^^^^^^^^^^^^^
  File "d:\VSCODEPROJECTS\mym\.venv\Lib\site-packages\django\template\base.py", line 1005, in <listcomp>
    return SafeString("".join([node.render_annotated(context) for node in self]))
                               ^^^^^^^^^^^^^^^^^^^^^^^^^^^^^^
  File "d:\VSCODEPROJECTS\mym\.venv\Lib\site-packages\django\template\base.py", line 966, in render_annotated
    return self.render(context)
           ^^^^^^^^^^^^^^^^^^^^
  File "d:\VSCODEPROJECTS\mym\.venv\Lib\site-packages\django\template\loader_tags.py", line 157, in render
    return compiled_parent._render(context)
           ^^^^^^^^^^^^^^^^^^^^^^^^^^^^^^^^
  File "d:\VSCODEPROJECTS\mym\.venv\Lib\site-packages\django\template\base.py", line 167, in _render
    return self.nodelist.render(context)
           ^^^^^^^^^^^^^^^^^^^^^^^^^^^^^
  File "d:\VSCODEPROJECTS\mym\.venv\Lib\site-packages\django\template\base.py", line 1005, in render
    return SafeString("".join([node.render_annotated(context) for node in self]))
                              ^^^^^^^^^^^^^^^^^^^^^^^^^^^^^^^^^^^^^^^^^^^^^^^^^
  File "d:\VSCODEPROJECTS\mym\.venv\Lib\site-packages\django\template\base.py", line 1005, in <listcomp>
    return SafeString("".join([node.render_annotated(context) for node in self]))
                               ^^^^^^^^^^^^^^^^^^^^^^^^^^^^^^
  File "d:\VSCODEPROJECTS\mym\.venv\Lib\site-packages\django\template\base.py", line 966, in render_annotated
    return self.render(context)
           ^^^^^^^^^^^^^^^^^^^^
  File "d:\VSCODEPROJECTS\mym\.venv\Lib\site-packages\django\template\defaulttags.py", line 471, in render
    url = reverse(view_name, args=args, kwargs=kwargs, current_app=current_app)
          ^^^^^^^^^^^^^^^^^^^^^^^^^^^^^^^^^^^^^^^^^^^^^^^^^^^^^^^^^^^^^^^^^^^^^
  File "d:\VSCODEPROJECTS\mym\.venv\Lib\site-packages\django\urls\base.py", line 88, in reverse
    return resolver._reverse_with_prefix(view, prefix, *args, **kwargs)
           ^^^^^^^^^^^^^^^^^^^^^^^^^^^^^^^^^^^^^^^^^^^^^^^^^^^^^^^^^^^^
  File "d:\VSCODEPROJECTS\mym\.venv\Lib\site-packages\django\urls\resolvers.py", line 828, in _reverse_with_prefix
    raise NoReverseMatch(msg)
django.urls.exceptions.NoReverseMatch: Reverse for 'update_profile' not found. 'update_profile' is not a valid view function or pattern name.
ERROR 2025-04-09 15:11:32,139 basehttp "GET /students/settings/ HTTP/1.1" 500 159724
ERROR 2025-04-09 15:11:32,139 basehttp "GET /students/settings/ HTTP/1.1" 500 159724
INFO 2025-04-09 15:11:37,580 autoreload D:\VSCODEPROJECTS\mym\mymanage\students\views.py changed, reloading.
INFO 2025-04-09 15:11:37,580 autoreload D:\VSCODEPROJECTS\mym\mymanage\students\views.py changed, reloading.
INFO 2025-04-09 15:11:38,204 autoreload Watching for file changes with StatReloader
INFO 2025-04-09 15:11:38,204 autoreload Watching for file changes with StatReloader
ERROR 2025-04-09 15:11:54,557 log Internal Server Error: /students/settings/
Traceback (most recent call last):
  File "d:\VSCODEPROJECTS\mym\.venv\Lib\site-packages\django\core\handlers\exception.py", line 55, in inner
    response = get_response(request)
               ^^^^^^^^^^^^^^^^^^^^^
  File "d:\VSCODEPROJECTS\mym\.venv\Lib\site-packages\django\core\handlers\base.py", line 197, in _get_response
    response = wrapped_callback(request, *callback_args, **callback_kwargs)
               ^^^^^^^^^^^^^^^^^^^^^^^^^^^^^^^^^^^^^^^^^^^^^^^^^^^^^^^^^^^^
  File "d:\VSCODEPROJECTS\mym\.venv\Lib\site-packages\django\contrib\auth\decorators.py", line 23, in _wrapper_view
    return view_func(request, *args, **kwargs)
           ^^^^^^^^^^^^^^^^^^^^^^^^^^^^^^^^^^^
  File "D:\VSCODEPROJECTS\mym\mymanage\students\views.py", line 181, in update_profile
    return render(request, 'students/student_settings.html', context)
           ^^^^^^^^^^^^^^^^^^^^^^^^^^^^^^^^^^^^^^^^^^^^^^^^^^^^^^^^^^
  File "d:\VSCODEPROJECTS\mym\.venv\Lib\site-packages\django\shortcuts.py", line 24, in render
    content = loader.render_to_string(template_name, context, request, using=using)
              ^^^^^^^^^^^^^^^^^^^^^^^^^^^^^^^^^^^^^^^^^^^^^^^^^^^^^^^^^^^^^^^^^^^^^
  File "d:\VSCODEPROJECTS\mym\.venv\Lib\site-packages\django\template\loader.py", line 62, in render_to_string
    return template.render(context, request)
           ^^^^^^^^^^^^^^^^^^^^^^^^^^^^^^^^^
  File "d:\VSCODEPROJECTS\mym\.venv\Lib\site-packages\django\template\backends\django.py", line 61, in render
    return self.template.render(context)
           ^^^^^^^^^^^^^^^^^^^^^^^^^^^^^
  File "d:\VSCODEPROJECTS\mym\.venv\Lib\site-packages\django\template\base.py", line 175, in render
    return self._render(context)
           ^^^^^^^^^^^^^^^^^^^^^
  File "d:\VSCODEPROJECTS\mym\.venv\Lib\site-packages\django\template\base.py", line 167, in _render
    return self.nodelist.render(context)
           ^^^^^^^^^^^^^^^^^^^^^^^^^^^^^
  File "d:\VSCODEPROJECTS\mym\.venv\Lib\site-packages\django\template\base.py", line 1005, in render
    return SafeString("".join([node.render_annotated(context) for node in self]))
                              ^^^^^^^^^^^^^^^^^^^^^^^^^^^^^^^^^^^^^^^^^^^^^^^^^
  File "d:\VSCODEPROJECTS\mym\.venv\Lib\site-packages\django\template\base.py", line 1005, in <listcomp>
    return SafeString("".join([node.render_annotated(context) for node in self]))
                               ^^^^^^^^^^^^^^^^^^^^^^^^^^^^^^
  File "d:\VSCODEPROJECTS\mym\.venv\Lib\site-packages\django\template\base.py", line 966, in render_annotated
    return self.render(context)
           ^^^^^^^^^^^^^^^^^^^^
  File "d:\VSCODEPROJECTS\mym\.venv\Lib\site-packages\django\template\loader_tags.py", line 157, in render
    return compiled_parent._render(context)
           ^^^^^^^^^^^^^^^^^^^^^^^^^^^^^^^^
  File "d:\VSCODEPROJECTS\mym\.venv\Lib\site-packages\django\template\base.py", line 167, in _render
    return self.nodelist.render(context)
           ^^^^^^^^^^^^^^^^^^^^^^^^^^^^^
  File "d:\VSCODEPROJECTS\mym\.venv\Lib\site-packages\django\template\base.py", line 1005, in render
    return SafeString("".join([node.render_annotated(context) for node in self]))
                              ^^^^^^^^^^^^^^^^^^^^^^^^^^^^^^^^^^^^^^^^^^^^^^^^^
  File "d:\VSCODEPROJECTS\mym\.venv\Lib\site-packages\django\template\base.py", line 1005, in <listcomp>
    return SafeString("".join([node.render_annotated(context) for node in self]))
                               ^^^^^^^^^^^^^^^^^^^^^^^^^^^^^^
  File "d:\VSCODEPROJECTS\mym\.venv\Lib\site-packages\django\template\base.py", line 966, in render_annotated
    return self.render(context)
           ^^^^^^^^^^^^^^^^^^^^
  File "d:\VSCODEPROJECTS\mym\.venv\Lib\site-packages\django\template\defaulttags.py", line 471, in render
    url = reverse(view_name, args=args, kwargs=kwargs, current_app=current_app)
          ^^^^^^^^^^^^^^^^^^^^^^^^^^^^^^^^^^^^^^^^^^^^^^^^^^^^^^^^^^^^^^^^^^^^^
  File "d:\VSCODEPROJECTS\mym\.venv\Lib\site-packages\django\urls\base.py", line 88, in reverse
    return resolver._reverse_with_prefix(view, prefix, *args, **kwargs)
           ^^^^^^^^^^^^^^^^^^^^^^^^^^^^^^^^^^^^^^^^^^^^^^^^^^^^^^^^^^^^
  File "d:\VSCODEPROJECTS\mym\.venv\Lib\site-packages\django\urls\resolvers.py", line 828, in _reverse_with_prefix
    raise NoReverseMatch(msg)
django.urls.exceptions.NoReverseMatch: Reverse for 'update_profile' not found. 'update_profile' is not a valid view function or pattern name.
ERROR 2025-04-09 15:11:54,557 log Internal Server Error: /students/settings/
Traceback (most recent call last):
  File "d:\VSCODEPROJECTS\mym\.venv\Lib\site-packages\django\core\handlers\exception.py", line 55, in inner
    response = get_response(request)
               ^^^^^^^^^^^^^^^^^^^^^
  File "d:\VSCODEPROJECTS\mym\.venv\Lib\site-packages\django\core\handlers\base.py", line 197, in _get_response
    response = wrapped_callback(request, *callback_args, **callback_kwargs)
               ^^^^^^^^^^^^^^^^^^^^^^^^^^^^^^^^^^^^^^^^^^^^^^^^^^^^^^^^^^^^
  File "d:\VSCODEPROJECTS\mym\.venv\Lib\site-packages\django\contrib\auth\decorators.py", line 23, in _wrapper_view
    return view_func(request, *args, **kwargs)
           ^^^^^^^^^^^^^^^^^^^^^^^^^^^^^^^^^^^
  File "D:\VSCODEPROJECTS\mym\mymanage\students\views.py", line 181, in update_profile
    return render(request, 'students/student_settings.html', context)
           ^^^^^^^^^^^^^^^^^^^^^^^^^^^^^^^^^^^^^^^^^^^^^^^^^^^^^^^^^^
  File "d:\VSCODEPROJECTS\mym\.venv\Lib\site-packages\django\shortcuts.py", line 24, in render
    content = loader.render_to_string(template_name, context, request, using=using)
              ^^^^^^^^^^^^^^^^^^^^^^^^^^^^^^^^^^^^^^^^^^^^^^^^^^^^^^^^^^^^^^^^^^^^^
  File "d:\VSCODEPROJECTS\mym\.venv\Lib\site-packages\django\template\loader.py", line 62, in render_to_string
    return template.render(context, request)
           ^^^^^^^^^^^^^^^^^^^^^^^^^^^^^^^^^
  File "d:\VSCODEPROJECTS\mym\.venv\Lib\site-packages\django\template\backends\django.py", line 61, in render
    return self.template.render(context)
           ^^^^^^^^^^^^^^^^^^^^^^^^^^^^^
  File "d:\VSCODEPROJECTS\mym\.venv\Lib\site-packages\django\template\base.py", line 175, in render
    return self._render(context)
           ^^^^^^^^^^^^^^^^^^^^^
  File "d:\VSCODEPROJECTS\mym\.venv\Lib\site-packages\django\template\base.py", line 167, in _render
    return self.nodelist.render(context)
           ^^^^^^^^^^^^^^^^^^^^^^^^^^^^^
  File "d:\VSCODEPROJECTS\mym\.venv\Lib\site-packages\django\template\base.py", line 1005, in render
    return SafeString("".join([node.render_annotated(context) for node in self]))
                              ^^^^^^^^^^^^^^^^^^^^^^^^^^^^^^^^^^^^^^^^^^^^^^^^^
  File "d:\VSCODEPROJECTS\mym\.venv\Lib\site-packages\django\template\base.py", line 1005, in <listcomp>
    return SafeString("".join([node.render_annotated(context) for node in self]))
                               ^^^^^^^^^^^^^^^^^^^^^^^^^^^^^^
  File "d:\VSCODEPROJECTS\mym\.venv\Lib\site-packages\django\template\base.py", line 966, in render_annotated
    return self.render(context)
           ^^^^^^^^^^^^^^^^^^^^
  File "d:\VSCODEPROJECTS\mym\.venv\Lib\site-packages\django\template\loader_tags.py", line 157, in render
    return compiled_parent._render(context)
           ^^^^^^^^^^^^^^^^^^^^^^^^^^^^^^^^
  File "d:\VSCODEPROJECTS\mym\.venv\Lib\site-packages\django\template\base.py", line 167, in _render
    return self.nodelist.render(context)
           ^^^^^^^^^^^^^^^^^^^^^^^^^^^^^
  File "d:\VSCODEPROJECTS\mym\.venv\Lib\site-packages\django\template\base.py", line 1005, in render
    return SafeString("".join([node.render_annotated(context) for node in self]))
                              ^^^^^^^^^^^^^^^^^^^^^^^^^^^^^^^^^^^^^^^^^^^^^^^^^
  File "d:\VSCODEPROJECTS\mym\.venv\Lib\site-packages\django\template\base.py", line 1005, in <listcomp>
    return SafeString("".join([node.render_annotated(context) for node in self]))
                               ^^^^^^^^^^^^^^^^^^^^^^^^^^^^^^
  File "d:\VSCODEPROJECTS\mym\.venv\Lib\site-packages\django\template\base.py", line 966, in render_annotated
    return self.render(context)
           ^^^^^^^^^^^^^^^^^^^^
  File "d:\VSCODEPROJECTS\mym\.venv\Lib\site-packages\django\template\defaulttags.py", line 471, in render
    url = reverse(view_name, args=args, kwargs=kwargs, current_app=current_app)
          ^^^^^^^^^^^^^^^^^^^^^^^^^^^^^^^^^^^^^^^^^^^^^^^^^^^^^^^^^^^^^^^^^^^^^
  File "d:\VSCODEPROJECTS\mym\.venv\Lib\site-packages\django\urls\base.py", line 88, in reverse
    return resolver._reverse_with_prefix(view, prefix, *args, **kwargs)
           ^^^^^^^^^^^^^^^^^^^^^^^^^^^^^^^^^^^^^^^^^^^^^^^^^^^^^^^^^^^^
  File "d:\VSCODEPROJECTS\mym\.venv\Lib\site-packages\django\urls\resolvers.py", line 828, in _reverse_with_prefix
    raise NoReverseMatch(msg)
django.urls.exceptions.NoReverseMatch: Reverse for 'update_profile' not found. 'update_profile' is not a valid view function or pattern name.
ERROR 2025-04-09 15:11:54,569 basehttp "GET /students/settings/ HTTP/1.1" 500 159724
ERROR 2025-04-09 15:11:54,569 basehttp "GET /students/settings/ HTTP/1.1" 500 159724
ERROR 2025-04-09 15:11:57,343 log Internal Server Error: /students/sheet-music/
Traceback (most recent call last):
  File "d:\VSCODEPROJECTS\mym\.venv\Lib\site-packages\django\core\handlers\exception.py", line 55, in inner
    response = get_response(request)
               ^^^^^^^^^^^^^^^^^^^^^
  File "d:\VSCODEPROJECTS\mym\.venv\Lib\site-packages\django\core\handlers\base.py", line 197, in _get_response
    response = wrapped_callback(request, *callback_args, **callback_kwargs)
               ^^^^^^^^^^^^^^^^^^^^^^^^^^^^^^^^^^^^^^^^^^^^^^^^^^^^^^^^^^^^
  File "d:\VSCODEPROJECTS\mym\.venv\Lib\site-packages\django\contrib\auth\decorators.py", line 23, in _wrapper_view
    return view_func(request, *args, **kwargs)
           ^^^^^^^^^^^^^^^^^^^^^^^^^^^^^^^^^^^
  File "D:\VSCODEPROJECTS\mym\mymanage\students\views.py", line 1908, in sheet_music
    return render(request, 'students/sheet_music.html', context)
           ^^^^^^^^^^^^^^^^^^^^^^^^^^^^^^^^^^^^^^^^^^^^^^^^^^^^^
  File "d:\VSCODEPROJECTS\mym\.venv\Lib\site-packages\django\shortcuts.py", line 24, in render
    content = loader.render_to_string(template_name, context, request, using=using)
              ^^^^^^^^^^^^^^^^^^^^^^^^^^^^^^^^^^^^^^^^^^^^^^^^^^^^^^^^^^^^^^^^^^^^^
  File "d:\VSCODEPROJECTS\mym\.venv\Lib\site-packages\django\template\loader.py", line 62, in render_to_string
    return template.render(context, request)
           ^^^^^^^^^^^^^^^^^^^^^^^^^^^^^^^^^
  File "d:\VSCODEPROJECTS\mym\.venv\Lib\site-packages\django\template\backends\django.py", line 61, in render
    return self.template.render(context)
           ^^^^^^^^^^^^^^^^^^^^^^^^^^^^^
  File "d:\VSCODEPROJECTS\mym\.venv\Lib\site-packages\django\template\base.py", line 175, in render
    return self._render(context)
           ^^^^^^^^^^^^^^^^^^^^^
  File "d:\VSCODEPROJECTS\mym\.venv\Lib\site-packages\django\template\base.py", line 167, in _render
    return self.nodelist.render(context)
           ^^^^^^^^^^^^^^^^^^^^^^^^^^^^^
  File "d:\VSCODEPROJECTS\mym\.venv\Lib\site-packages\django\template\base.py", line 1005, in render
    return SafeString("".join([node.render_annotated(context) for node in self]))
                              ^^^^^^^^^^^^^^^^^^^^^^^^^^^^^^^^^^^^^^^^^^^^^^^^^
  File "d:\VSCODEPROJECTS\mym\.venv\Lib\site-packages\django\template\base.py", line 1005, in <listcomp>
    return SafeString("".join([node.render_annotated(context) for node in self]))
                               ^^^^^^^^^^^^^^^^^^^^^^^^^^^^^^
  File "d:\VSCODEPROJECTS\mym\.venv\Lib\site-packages\django\template\base.py", line 966, in render_annotated
    return self.render(context)
           ^^^^^^^^^^^^^^^^^^^^
  File "d:\VSCODEPROJECTS\mym\.venv\Lib\site-packages\django\template\defaulttags.py", line 471, in render
    url = reverse(view_name, args=args, kwargs=kwargs, current_app=current_app)
          ^^^^^^^^^^^^^^^^^^^^^^^^^^^^^^^^^^^^^^^^^^^^^^^^^^^^^^^^^^^^^^^^^^^^^
  File "d:\VSCODEPROJECTS\mym\.venv\Lib\site-packages\django\urls\base.py", line 88, in reverse
    return resolver._reverse_with_prefix(view, prefix, *args, **kwargs)
           ^^^^^^^^^^^^^^^^^^^^^^^^^^^^^^^^^^^^^^^^^^^^^^^^^^^^^^^^^^^^
  File "d:\VSCODEPROJECTS\mym\.venv\Lib\site-packages\django\urls\resolvers.py", line 828, in _reverse_with_prefix
    raise NoReverseMatch(msg)
django.urls.exceptions.NoReverseMatch: Reverse for 'update_profile' not found. 'update_profile' is not a valid view function or pattern name.
ERROR 2025-04-09 15:11:57,343 log Internal Server Error: /students/sheet-music/
Traceback (most recent call last):
  File "d:\VSCODEPROJECTS\mym\.venv\Lib\site-packages\django\core\handlers\exception.py", line 55, in inner
    response = get_response(request)
               ^^^^^^^^^^^^^^^^^^^^^
  File "d:\VSCODEPROJECTS\mym\.venv\Lib\site-packages\django\core\handlers\base.py", line 197, in _get_response
    response = wrapped_callback(request, *callback_args, **callback_kwargs)
               ^^^^^^^^^^^^^^^^^^^^^^^^^^^^^^^^^^^^^^^^^^^^^^^^^^^^^^^^^^^^
  File "d:\VSCODEPROJECTS\mym\.venv\Lib\site-packages\django\contrib\auth\decorators.py", line 23, in _wrapper_view
    return view_func(request, *args, **kwargs)
           ^^^^^^^^^^^^^^^^^^^^^^^^^^^^^^^^^^^
  File "D:\VSCODEPROJECTS\mym\mymanage\students\views.py", line 1908, in sheet_music
    return render(request, 'students/sheet_music.html', context)
           ^^^^^^^^^^^^^^^^^^^^^^^^^^^^^^^^^^^^^^^^^^^^^^^^^^^^^
  File "d:\VSCODEPROJECTS\mym\.venv\Lib\site-packages\django\shortcuts.py", line 24, in render
    content = loader.render_to_string(template_name, context, request, using=using)
              ^^^^^^^^^^^^^^^^^^^^^^^^^^^^^^^^^^^^^^^^^^^^^^^^^^^^^^^^^^^^^^^^^^^^^
  File "d:\VSCODEPROJECTS\mym\.venv\Lib\site-packages\django\template\loader.py", line 62, in render_to_string
    return template.render(context, request)
           ^^^^^^^^^^^^^^^^^^^^^^^^^^^^^^^^^
  File "d:\VSCODEPROJECTS\mym\.venv\Lib\site-packages\django\template\backends\django.py", line 61, in render
    return self.template.render(context)
           ^^^^^^^^^^^^^^^^^^^^^^^^^^^^^
  File "d:\VSCODEPROJECTS\mym\.venv\Lib\site-packages\django\template\base.py", line 175, in render
    return self._render(context)
           ^^^^^^^^^^^^^^^^^^^^^
  File "d:\VSCODEPROJECTS\mym\.venv\Lib\site-packages\django\template\base.py", line 167, in _render
    return self.nodelist.render(context)
           ^^^^^^^^^^^^^^^^^^^^^^^^^^^^^
  File "d:\VSCODEPROJECTS\mym\.venv\Lib\site-packages\django\template\base.py", line 1005, in render
    return SafeString("".join([node.render_annotated(context) for node in self]))
                              ^^^^^^^^^^^^^^^^^^^^^^^^^^^^^^^^^^^^^^^^^^^^^^^^^
  File "d:\VSCODEPROJECTS\mym\.venv\Lib\site-packages\django\template\base.py", line 1005, in <listcomp>
    return SafeString("".join([node.render_annotated(context) for node in self]))
                               ^^^^^^^^^^^^^^^^^^^^^^^^^^^^^^
  File "d:\VSCODEPROJECTS\mym\.venv\Lib\site-packages\django\template\base.py", line 966, in render_annotated
    return self.render(context)
           ^^^^^^^^^^^^^^^^^^^^
  File "d:\VSCODEPROJECTS\mym\.venv\Lib\site-packages\django\template\defaulttags.py", line 471, in render
    url = reverse(view_name, args=args, kwargs=kwargs, current_app=current_app)
          ^^^^^^^^^^^^^^^^^^^^^^^^^^^^^^^^^^^^^^^^^^^^^^^^^^^^^^^^^^^^^^^^^^^^^
  File "d:\VSCODEPROJECTS\mym\.venv\Lib\site-packages\django\urls\base.py", line 88, in reverse
    return resolver._reverse_with_prefix(view, prefix, *args, **kwargs)
           ^^^^^^^^^^^^^^^^^^^^^^^^^^^^^^^^^^^^^^^^^^^^^^^^^^^^^^^^^^^^
  File "d:\VSCODEPROJECTS\mym\.venv\Lib\site-packages\django\urls\resolvers.py", line 828, in _reverse_with_prefix
    raise NoReverseMatch(msg)
django.urls.exceptions.NoReverseMatch: Reverse for 'update_profile' not found. 'update_profile' is not a valid view function or pattern name.
ERROR 2025-04-09 15:11:57,349 basehttp "GET /students/sheet-music/ HTTP/1.1" 500 136698
ERROR 2025-04-09 15:11:57,349 basehttp "GET /students/sheet-music/ HTTP/1.1" 500 136698
ERROR 2025-04-09 15:12:26,342 log Internal Server Error: /students/sheet-music/
Traceback (most recent call last):
  File "d:\VSCODEPROJECTS\mym\.venv\Lib\site-packages\django\core\handlers\exception.py", line 55, in inner
    response = get_response(request)
               ^^^^^^^^^^^^^^^^^^^^^
  File "d:\VSCODEPROJECTS\mym\.venv\Lib\site-packages\django\core\handlers\base.py", line 197, in _get_response
    response = wrapped_callback(request, *callback_args, **callback_kwargs)
               ^^^^^^^^^^^^^^^^^^^^^^^^^^^^^^^^^^^^^^^^^^^^^^^^^^^^^^^^^^^^
  File "d:\VSCODEPROJECTS\mym\.venv\Lib\site-packages\django\contrib\auth\decorators.py", line 23, in _wrapper_view
    return view_func(request, *args, **kwargs)
           ^^^^^^^^^^^^^^^^^^^^^^^^^^^^^^^^^^^
  File "D:\VSCODEPROJECTS\mym\mymanage\students\views.py", line 1908, in sheet_music
    return render(request, 'students/sheet_music.html', context)
           ^^^^^^^^^^^^^^^^^^^^^^^^^^^^^^^^^^^^^^^^^^^^^^^^^^^^^
  File "d:\VSCODEPROJECTS\mym\.venv\Lib\site-packages\django\shortcuts.py", line 24, in render
    content = loader.render_to_string(template_name, context, request, using=using)
              ^^^^^^^^^^^^^^^^^^^^^^^^^^^^^^^^^^^^^^^^^^^^^^^^^^^^^^^^^^^^^^^^^^^^^
  File "d:\VSCODEPROJECTS\mym\.venv\Lib\site-packages\django\template\loader.py", line 62, in render_to_string
    return template.render(context, request)
           ^^^^^^^^^^^^^^^^^^^^^^^^^^^^^^^^^
  File "d:\VSCODEPROJECTS\mym\.venv\Lib\site-packages\django\template\backends\django.py", line 61, in render
    return self.template.render(context)
           ^^^^^^^^^^^^^^^^^^^^^^^^^^^^^
  File "d:\VSCODEPROJECTS\mym\.venv\Lib\site-packages\django\template\base.py", line 175, in render
    return self._render(context)
           ^^^^^^^^^^^^^^^^^^^^^
  File "d:\VSCODEPROJECTS\mym\.venv\Lib\site-packages\django\template\base.py", line 167, in _render
    return self.nodelist.render(context)
           ^^^^^^^^^^^^^^^^^^^^^^^^^^^^^
  File "d:\VSCODEPROJECTS\mym\.venv\Lib\site-packages\django\template\base.py", line 1005, in render
    return SafeString("".join([node.render_annotated(context) for node in self]))
                              ^^^^^^^^^^^^^^^^^^^^^^^^^^^^^^^^^^^^^^^^^^^^^^^^^
  File "d:\VSCODEPROJECTS\mym\.venv\Lib\site-packages\django\template\base.py", line 1005, in <listcomp>
    return SafeString("".join([node.render_annotated(context) for node in self]))
                               ^^^^^^^^^^^^^^^^^^^^^^^^^^^^^^
  File "d:\VSCODEPROJECTS\mym\.venv\Lib\site-packages\django\template\base.py", line 966, in render_annotated
    return self.render(context)
           ^^^^^^^^^^^^^^^^^^^^
  File "d:\VSCODEPROJECTS\mym\.venv\Lib\site-packages\django\template\defaulttags.py", line 471, in render
    url = reverse(view_name, args=args, kwargs=kwargs, current_app=current_app)
          ^^^^^^^^^^^^^^^^^^^^^^^^^^^^^^^^^^^^^^^^^^^^^^^^^^^^^^^^^^^^^^^^^^^^^
  File "d:\VSCODEPROJECTS\mym\.venv\Lib\site-packages\django\urls\base.py", line 88, in reverse
    return resolver._reverse_with_prefix(view, prefix, *args, **kwargs)
           ^^^^^^^^^^^^^^^^^^^^^^^^^^^^^^^^^^^^^^^^^^^^^^^^^^^^^^^^^^^^
  File "d:\VSCODEPROJECTS\mym\.venv\Lib\site-packages\django\urls\resolvers.py", line 828, in _reverse_with_prefix
    raise NoReverseMatch(msg)
django.urls.exceptions.NoReverseMatch: Reverse for 'update_profile' not found. 'update_profile' is not a valid view function or pattern name.
ERROR 2025-04-09 15:12:26,342 log Internal Server Error: /students/sheet-music/
Traceback (most recent call last):
  File "d:\VSCODEPROJECTS\mym\.venv\Lib\site-packages\django\core\handlers\exception.py", line 55, in inner
    response = get_response(request)
               ^^^^^^^^^^^^^^^^^^^^^
  File "d:\VSCODEPROJECTS\mym\.venv\Lib\site-packages\django\core\handlers\base.py", line 197, in _get_response
    response = wrapped_callback(request, *callback_args, **callback_kwargs)
               ^^^^^^^^^^^^^^^^^^^^^^^^^^^^^^^^^^^^^^^^^^^^^^^^^^^^^^^^^^^^
  File "d:\VSCODEPROJECTS\mym\.venv\Lib\site-packages\django\contrib\auth\decorators.py", line 23, in _wrapper_view
    return view_func(request, *args, **kwargs)
           ^^^^^^^^^^^^^^^^^^^^^^^^^^^^^^^^^^^
  File "D:\VSCODEPROJECTS\mym\mymanage\students\views.py", line 1908, in sheet_music
    return render(request, 'students/sheet_music.html', context)
           ^^^^^^^^^^^^^^^^^^^^^^^^^^^^^^^^^^^^^^^^^^^^^^^^^^^^^
  File "d:\VSCODEPROJECTS\mym\.venv\Lib\site-packages\django\shortcuts.py", line 24, in render
    content = loader.render_to_string(template_name, context, request, using=using)
              ^^^^^^^^^^^^^^^^^^^^^^^^^^^^^^^^^^^^^^^^^^^^^^^^^^^^^^^^^^^^^^^^^^^^^
  File "d:\VSCODEPROJECTS\mym\.venv\Lib\site-packages\django\template\loader.py", line 62, in render_to_string
    return template.render(context, request)
           ^^^^^^^^^^^^^^^^^^^^^^^^^^^^^^^^^
  File "d:\VSCODEPROJECTS\mym\.venv\Lib\site-packages\django\template\backends\django.py", line 61, in render
    return self.template.render(context)
           ^^^^^^^^^^^^^^^^^^^^^^^^^^^^^
  File "d:\VSCODEPROJECTS\mym\.venv\Lib\site-packages\django\template\base.py", line 175, in render
    return self._render(context)
           ^^^^^^^^^^^^^^^^^^^^^
  File "d:\VSCODEPROJECTS\mym\.venv\Lib\site-packages\django\template\base.py", line 167, in _render
    return self.nodelist.render(context)
           ^^^^^^^^^^^^^^^^^^^^^^^^^^^^^
  File "d:\VSCODEPROJECTS\mym\.venv\Lib\site-packages\django\template\base.py", line 1005, in render
    return SafeString("".join([node.render_annotated(context) for node in self]))
                              ^^^^^^^^^^^^^^^^^^^^^^^^^^^^^^^^^^^^^^^^^^^^^^^^^
  File "d:\VSCODEPROJECTS\mym\.venv\Lib\site-packages\django\template\base.py", line 1005, in <listcomp>
    return SafeString("".join([node.render_annotated(context) for node in self]))
                               ^^^^^^^^^^^^^^^^^^^^^^^^^^^^^^
  File "d:\VSCODEPROJECTS\mym\.venv\Lib\site-packages\django\template\base.py", line 966, in render_annotated
    return self.render(context)
           ^^^^^^^^^^^^^^^^^^^^
  File "d:\VSCODEPROJECTS\mym\.venv\Lib\site-packages\django\template\defaulttags.py", line 471, in render
    url = reverse(view_name, args=args, kwargs=kwargs, current_app=current_app)
          ^^^^^^^^^^^^^^^^^^^^^^^^^^^^^^^^^^^^^^^^^^^^^^^^^^^^^^^^^^^^^^^^^^^^^
  File "d:\VSCODEPROJECTS\mym\.venv\Lib\site-packages\django\urls\base.py", line 88, in reverse
    return resolver._reverse_with_prefix(view, prefix, *args, **kwargs)
           ^^^^^^^^^^^^^^^^^^^^^^^^^^^^^^^^^^^^^^^^^^^^^^^^^^^^^^^^^^^^
  File "d:\VSCODEPROJECTS\mym\.venv\Lib\site-packages\django\urls\resolvers.py", line 828, in _reverse_with_prefix
    raise NoReverseMatch(msg)
django.urls.exceptions.NoReverseMatch: Reverse for 'update_profile' not found. 'update_profile' is not a valid view function or pattern name.
ERROR 2025-04-09 15:12:26,349 basehttp "GET /students/sheet-music/ HTTP/1.1" 500 136698
ERROR 2025-04-09 15:12:26,349 basehttp "GET /students/sheet-music/ HTTP/1.1" 500 136698
ERROR 2025-04-09 15:12:29,524 log Internal Server Error: /students/attendance/
Traceback (most recent call last):
  File "D:\VSCODEPROJECTS\mym\mymanage\students\views.py", line 1719, in attendance
    return render(request, 'students/student_attendance.html', context)
           ^^^^^^^^^^^^^^^^^^^^^^^^^^^^^^^^^^^^^^^^^^^^^^^^^^^^^^^^^^^^
  File "d:\VSCODEPROJECTS\mym\.venv\Lib\site-packages\django\shortcuts.py", line 24, in render
    content = loader.render_to_string(template_name, context, request, using=using)
              ^^^^^^^^^^^^^^^^^^^^^^^^^^^^^^^^^^^^^^^^^^^^^^^^^^^^^^^^^^^^^^^^^^^^^
  File "d:\VSCODEPROJECTS\mym\.venv\Lib\site-packages\django\template\loader.py", line 62, in render_to_string
    return template.render(context, request)
           ^^^^^^^^^^^^^^^^^^^^^^^^^^^^^^^^^
  File "d:\VSCODEPROJECTS\mym\.venv\Lib\site-packages\django\template\backends\django.py", line 61, in render
    return self.template.render(context)
           ^^^^^^^^^^^^^^^^^^^^^^^^^^^^^
  File "d:\VSCODEPROJECTS\mym\.venv\Lib\site-packages\django\template\base.py", line 175, in render
    return self._render(context)
           ^^^^^^^^^^^^^^^^^^^^^
  File "d:\VSCODEPROJECTS\mym\.venv\Lib\site-packages\django\template\base.py", line 167, in _render
    return self.nodelist.render(context)
           ^^^^^^^^^^^^^^^^^^^^^^^^^^^^^
  File "d:\VSCODEPROJECTS\mym\.venv\Lib\site-packages\django\template\base.py", line 1005, in render
    return SafeString("".join([node.render_annotated(context) for node in self]))
                              ^^^^^^^^^^^^^^^^^^^^^^^^^^^^^^^^^^^^^^^^^^^^^^^^^
  File "d:\VSCODEPROJECTS\mym\.venv\Lib\site-packages\django\template\base.py", line 1005, in <listcomp>
    return SafeString("".join([node.render_annotated(context) for node in self]))
                               ^^^^^^^^^^^^^^^^^^^^^^^^^^^^^^
  File "d:\VSCODEPROJECTS\mym\.venv\Lib\site-packages\django\template\base.py", line 966, in render_annotated
    return self.render(context)
           ^^^^^^^^^^^^^^^^^^^^
  File "d:\VSCODEPROJECTS\mym\.venv\Lib\site-packages\django\template\defaulttags.py", line 471, in render
    url = reverse(view_name, args=args, kwargs=kwargs, current_app=current_app)
          ^^^^^^^^^^^^^^^^^^^^^^^^^^^^^^^^^^^^^^^^^^^^^^^^^^^^^^^^^^^^^^^^^^^^^
  File "d:\VSCODEPROJECTS\mym\.venv\Lib\site-packages\django\urls\base.py", line 88, in reverse
    return resolver._reverse_with_prefix(view, prefix, *args, **kwargs)
           ^^^^^^^^^^^^^^^^^^^^^^^^^^^^^^^^^^^^^^^^^^^^^^^^^^^^^^^^^^^^
  File "d:\VSCODEPROJECTS\mym\.venv\Lib\site-packages\django\urls\resolvers.py", line 828, in _reverse_with_prefix
    raise NoReverseMatch(msg)
django.urls.exceptions.NoReverseMatch: Reverse for 'update_profile' not found. 'update_profile' is not a valid view function or pattern name.

During handling of the above exception, another exception occurred:

Traceback (most recent call last):
  File "d:\VSCODEPROJECTS\mym\.venv\Lib\site-packages\django\core\handlers\exception.py", line 55, in inner
    response = get_response(request)
               ^^^^^^^^^^^^^^^^^^^^^
  File "d:\VSCODEPROJECTS\mym\.venv\Lib\site-packages\django\core\handlers\base.py", line 197, in _get_response
    response = wrapped_callback(request, *callback_args, **callback_kwargs)
               ^^^^^^^^^^^^^^^^^^^^^^^^^^^^^^^^^^^^^^^^^^^^^^^^^^^^^^^^^^^^
  File "d:\VSCODEPROJECTS\mym\.venv\Lib\site-packages\django\contrib\auth\decorators.py", line 23, in _wrapper_view
    return view_func(request, *args, **kwargs)
           ^^^^^^^^^^^^^^^^^^^^^^^^^^^^^^^^^^^
  File "D:\VSCODEPROJECTS\mym\mymanage\students\views.py", line 1740, in attendance
    return render(request, 'students/student_attendance.html', context)
           ^^^^^^^^^^^^^^^^^^^^^^^^^^^^^^^^^^^^^^^^^^^^^^^^^^^^^^^^^^^^
  File "d:\VSCODEPROJECTS\mym\.venv\Lib\site-packages\django\shortcuts.py", line 24, in render
    content = loader.render_to_string(template_name, context, request, using=using)
              ^^^^^^^^^^^^^^^^^^^^^^^^^^^^^^^^^^^^^^^^^^^^^^^^^^^^^^^^^^^^^^^^^^^^^
  File "d:\VSCODEPROJECTS\mym\.venv\Lib\site-packages\django\template\loader.py", line 62, in render_to_string
    return template.render(context, request)
           ^^^^^^^^^^^^^^^^^^^^^^^^^^^^^^^^^
  File "d:\VSCODEPROJECTS\mym\.venv\Lib\site-packages\django\template\backends\django.py", line 61, in render
    return self.template.render(context)
           ^^^^^^^^^^^^^^^^^^^^^^^^^^^^^
  File "d:\VSCODEPROJECTS\mym\.venv\Lib\site-packages\django\template\base.py", line 175, in render
    return self._render(context)
           ^^^^^^^^^^^^^^^^^^^^^
  File "d:\VSCODEPROJECTS\mym\.venv\Lib\site-packages\django\template\base.py", line 167, in _render
    return self.nodelist.render(context)
           ^^^^^^^^^^^^^^^^^^^^^^^^^^^^^
  File "d:\VSCODEPROJECTS\mym\.venv\Lib\site-packages\django\template\base.py", line 1005, in render
    return SafeString("".join([node.render_annotated(context) for node in self]))
                              ^^^^^^^^^^^^^^^^^^^^^^^^^^^^^^^^^^^^^^^^^^^^^^^^^
  File "d:\VSCODEPROJECTS\mym\.venv\Lib\site-packages\django\template\base.py", line 1005, in <listcomp>
    return SafeString("".join([node.render_annotated(context) for node in self]))
                               ^^^^^^^^^^^^^^^^^^^^^^^^^^^^^^
  File "d:\VSCODEPROJECTS\mym\.venv\Lib\site-packages\django\template\base.py", line 966, in render_annotated
    return self.render(context)
           ^^^^^^^^^^^^^^^^^^^^
  File "d:\VSCODEPROJECTS\mym\.venv\Lib\site-packages\django\template\defaulttags.py", line 471, in render
    url = reverse(view_name, args=args, kwargs=kwargs, current_app=current_app)
          ^^^^^^^^^^^^^^^^^^^^^^^^^^^^^^^^^^^^^^^^^^^^^^^^^^^^^^^^^^^^^^^^^^^^^
  File "d:\VSCODEPROJECTS\mym\.venv\Lib\site-packages\django\urls\base.py", line 88, in reverse
    return resolver._reverse_with_prefix(view, prefix, *args, **kwargs)
           ^^^^^^^^^^^^^^^^^^^^^^^^^^^^^^^^^^^^^^^^^^^^^^^^^^^^^^^^^^^^
  File "d:\VSCODEPROJECTS\mym\.venv\Lib\site-packages\django\urls\resolvers.py", line 828, in _reverse_with_prefix
    raise NoReverseMatch(msg)
django.urls.exceptions.NoReverseMatch: Reverse for 'update_profile' not found. 'update_profile' is not a valid view function or pattern name.
ERROR 2025-04-09 15:12:29,524 log Internal Server Error: /students/attendance/
Traceback (most recent call last):
  File "D:\VSCODEPROJECTS\mym\mymanage\students\views.py", line 1719, in attendance
    return render(request, 'students/student_attendance.html', context)
           ^^^^^^^^^^^^^^^^^^^^^^^^^^^^^^^^^^^^^^^^^^^^^^^^^^^^^^^^^^^^
  File "d:\VSCODEPROJECTS\mym\.venv\Lib\site-packages\django\shortcuts.py", line 24, in render
    content = loader.render_to_string(template_name, context, request, using=using)
              ^^^^^^^^^^^^^^^^^^^^^^^^^^^^^^^^^^^^^^^^^^^^^^^^^^^^^^^^^^^^^^^^^^^^^
  File "d:\VSCODEPROJECTS\mym\.venv\Lib\site-packages\django\template\loader.py", line 62, in render_to_string
    return template.render(context, request)
           ^^^^^^^^^^^^^^^^^^^^^^^^^^^^^^^^^
  File "d:\VSCODEPROJECTS\mym\.venv\Lib\site-packages\django\template\backends\django.py", line 61, in render
    return self.template.render(context)
           ^^^^^^^^^^^^^^^^^^^^^^^^^^^^^
  File "d:\VSCODEPROJECTS\mym\.venv\Lib\site-packages\django\template\base.py", line 175, in render
    return self._render(context)
           ^^^^^^^^^^^^^^^^^^^^^
  File "d:\VSCODEPROJECTS\mym\.venv\Lib\site-packages\django\template\base.py", line 167, in _render
    return self.nodelist.render(context)
           ^^^^^^^^^^^^^^^^^^^^^^^^^^^^^
  File "d:\VSCODEPROJECTS\mym\.venv\Lib\site-packages\django\template\base.py", line 1005, in render
    return SafeString("".join([node.render_annotated(context) for node in self]))
                              ^^^^^^^^^^^^^^^^^^^^^^^^^^^^^^^^^^^^^^^^^^^^^^^^^
  File "d:\VSCODEPROJECTS\mym\.venv\Lib\site-packages\django\template\base.py", line 1005, in <listcomp>
    return SafeString("".join([node.render_annotated(context) for node in self]))
                               ^^^^^^^^^^^^^^^^^^^^^^^^^^^^^^
  File "d:\VSCODEPROJECTS\mym\.venv\Lib\site-packages\django\template\base.py", line 966, in render_annotated
    return self.render(context)
           ^^^^^^^^^^^^^^^^^^^^
  File "d:\VSCODEPROJECTS\mym\.venv\Lib\site-packages\django\template\defaulttags.py", line 471, in render
    url = reverse(view_name, args=args, kwargs=kwargs, current_app=current_app)
          ^^^^^^^^^^^^^^^^^^^^^^^^^^^^^^^^^^^^^^^^^^^^^^^^^^^^^^^^^^^^^^^^^^^^^
  File "d:\VSCODEPROJECTS\mym\.venv\Lib\site-packages\django\urls\base.py", line 88, in reverse
    return resolver._reverse_with_prefix(view, prefix, *args, **kwargs)
           ^^^^^^^^^^^^^^^^^^^^^^^^^^^^^^^^^^^^^^^^^^^^^^^^^^^^^^^^^^^^
  File "d:\VSCODEPROJECTS\mym\.venv\Lib\site-packages\django\urls\resolvers.py", line 828, in _reverse_with_prefix
    raise NoReverseMatch(msg)
django.urls.exceptions.NoReverseMatch: Reverse for 'update_profile' not found. 'update_profile' is not a valid view function or pattern name.

During handling of the above exception, another exception occurred:

Traceback (most recent call last):
  File "d:\VSCODEPROJECTS\mym\.venv\Lib\site-packages\django\core\handlers\exception.py", line 55, in inner
    response = get_response(request)
               ^^^^^^^^^^^^^^^^^^^^^
  File "d:\VSCODEPROJECTS\mym\.venv\Lib\site-packages\django\core\handlers\base.py", line 197, in _get_response
    response = wrapped_callback(request, *callback_args, **callback_kwargs)
               ^^^^^^^^^^^^^^^^^^^^^^^^^^^^^^^^^^^^^^^^^^^^^^^^^^^^^^^^^^^^
  File "d:\VSCODEPROJECTS\mym\.venv\Lib\site-packages\django\contrib\auth\decorators.py", line 23, in _wrapper_view
    return view_func(request, *args, **kwargs)
           ^^^^^^^^^^^^^^^^^^^^^^^^^^^^^^^^^^^
  File "D:\VSCODEPROJECTS\mym\mymanage\students\views.py", line 1740, in attendance
    return render(request, 'students/student_attendance.html', context)
           ^^^^^^^^^^^^^^^^^^^^^^^^^^^^^^^^^^^^^^^^^^^^^^^^^^^^^^^^^^^^
  File "d:\VSCODEPROJECTS\mym\.venv\Lib\site-packages\django\shortcuts.py", line 24, in render
    content = loader.render_to_string(template_name, context, request, using=using)
              ^^^^^^^^^^^^^^^^^^^^^^^^^^^^^^^^^^^^^^^^^^^^^^^^^^^^^^^^^^^^^^^^^^^^^
  File "d:\VSCODEPROJECTS\mym\.venv\Lib\site-packages\django\template\loader.py", line 62, in render_to_string
    return template.render(context, request)
           ^^^^^^^^^^^^^^^^^^^^^^^^^^^^^^^^^
  File "d:\VSCODEPROJECTS\mym\.venv\Lib\site-packages\django\template\backends\django.py", line 61, in render
    return self.template.render(context)
           ^^^^^^^^^^^^^^^^^^^^^^^^^^^^^
  File "d:\VSCODEPROJECTS\mym\.venv\Lib\site-packages\django\template\base.py", line 175, in render
    return self._render(context)
           ^^^^^^^^^^^^^^^^^^^^^
  File "d:\VSCODEPROJECTS\mym\.venv\Lib\site-packages\django\template\base.py", line 167, in _render
    return self.nodelist.render(context)
           ^^^^^^^^^^^^^^^^^^^^^^^^^^^^^
  File "d:\VSCODEPROJECTS\mym\.venv\Lib\site-packages\django\template\base.py", line 1005, in render
    return SafeString("".join([node.render_annotated(context) for node in self]))
                              ^^^^^^^^^^^^^^^^^^^^^^^^^^^^^^^^^^^^^^^^^^^^^^^^^
  File "d:\VSCODEPROJECTS\mym\.venv\Lib\site-packages\django\template\base.py", line 1005, in <listcomp>
    return SafeString("".join([node.render_annotated(context) for node in self]))
                               ^^^^^^^^^^^^^^^^^^^^^^^^^^^^^^
  File "d:\VSCODEPROJECTS\mym\.venv\Lib\site-packages\django\template\base.py", line 966, in render_annotated
    return self.render(context)
           ^^^^^^^^^^^^^^^^^^^^
  File "d:\VSCODEPROJECTS\mym\.venv\Lib\site-packages\django\template\defaulttags.py", line 471, in render
    url = reverse(view_name, args=args, kwargs=kwargs, current_app=current_app)
          ^^^^^^^^^^^^^^^^^^^^^^^^^^^^^^^^^^^^^^^^^^^^^^^^^^^^^^^^^^^^^^^^^^^^^
  File "d:\VSCODEPROJECTS\mym\.venv\Lib\site-packages\django\urls\base.py", line 88, in reverse
    return resolver._reverse_with_prefix(view, prefix, *args, **kwargs)
           ^^^^^^^^^^^^^^^^^^^^^^^^^^^^^^^^^^^^^^^^^^^^^^^^^^^^^^^^^^^^
  File "d:\VSCODEPROJECTS\mym\.venv\Lib\site-packages\django\urls\resolvers.py", line 828, in _reverse_with_prefix
    raise NoReverseMatch(msg)
django.urls.exceptions.NoReverseMatch: Reverse for 'update_profile' not found. 'update_profile' is not a valid view function or pattern name.
ERROR 2025-04-09 15:12:29,535 basehttp "GET /students/attendance/ HTTP/1.1" 500 240259
ERROR 2025-04-09 15:12:29,535 basehttp "GET /students/attendance/ HTTP/1.1" 500 240259
ERROR 2025-04-09 15:12:33,840 log Internal Server Error: /students/profile/
Traceback (most recent call last):
  File "d:\VSCODEPROJECTS\mym\.venv\Lib\site-packages\django\core\handlers\exception.py", line 55, in inner
    response = get_response(request)
               ^^^^^^^^^^^^^^^^^^^^^
  File "d:\VSCODEPROJECTS\mym\.venv\Lib\site-packages\django\core\handlers\base.py", line 197, in _get_response
    response = wrapped_callback(request, *callback_args, **callback_kwargs)
               ^^^^^^^^^^^^^^^^^^^^^^^^^^^^^^^^^^^^^^^^^^^^^^^^^^^^^^^^^^^^
  File "d:\VSCODEPROJECTS\mym\.venv\Lib\site-packages\django\contrib\auth\decorators.py", line 23, in _wrapper_view
    return view_func(request, *args, **kwargs)
           ^^^^^^^^^^^^^^^^^^^^^^^^^^^^^^^^^^^
  File "D:\VSCODEPROJECTS\mym\mymanage\students\views.py", line 140, in profile
    return render(request, 'students/student_profile.html', context)
           ^^^^^^^^^^^^^^^^^^^^^^^^^^^^^^^^^^^^^^^^^^^^^^^^^^^^^^^^^
  File "d:\VSCODEPROJECTS\mym\.venv\Lib\site-packages\django\shortcuts.py", line 24, in render
    content = loader.render_to_string(template_name, context, request, using=using)
              ^^^^^^^^^^^^^^^^^^^^^^^^^^^^^^^^^^^^^^^^^^^^^^^^^^^^^^^^^^^^^^^^^^^^^
  File "d:\VSCODEPROJECTS\mym\.venv\Lib\site-packages\django\template\loader.py", line 62, in render_to_string
    return template.render(context, request)
           ^^^^^^^^^^^^^^^^^^^^^^^^^^^^^^^^^
  File "d:\VSCODEPROJECTS\mym\.venv\Lib\site-packages\django\template\backends\django.py", line 61, in render
    return self.template.render(context)
           ^^^^^^^^^^^^^^^^^^^^^^^^^^^^^
  File "d:\VSCODEPROJECTS\mym\.venv\Lib\site-packages\django\template\base.py", line 175, in render
    return self._render(context)
           ^^^^^^^^^^^^^^^^^^^^^
  File "d:\VSCODEPROJECTS\mym\.venv\Lib\site-packages\django\template\base.py", line 167, in _render
    return self.nodelist.render(context)
           ^^^^^^^^^^^^^^^^^^^^^^^^^^^^^
  File "d:\VSCODEPROJECTS\mym\.venv\Lib\site-packages\django\template\base.py", line 1005, in render
    return SafeString("".join([node.render_annotated(context) for node in self]))
                              ^^^^^^^^^^^^^^^^^^^^^^^^^^^^^^^^^^^^^^^^^^^^^^^^^
  File "d:\VSCODEPROJECTS\mym\.venv\Lib\site-packages\django\template\base.py", line 1005, in <listcomp>
    return SafeString("".join([node.render_annotated(context) for node in self]))
                               ^^^^^^^^^^^^^^^^^^^^^^^^^^^^^^
  File "d:\VSCODEPROJECTS\mym\.venv\Lib\site-packages\django\template\base.py", line 966, in render_annotated
    return self.render(context)
           ^^^^^^^^^^^^^^^^^^^^
  File "d:\VSCODEPROJECTS\mym\.venv\Lib\site-packages\django\template\defaulttags.py", line 471, in render
    url = reverse(view_name, args=args, kwargs=kwargs, current_app=current_app)
          ^^^^^^^^^^^^^^^^^^^^^^^^^^^^^^^^^^^^^^^^^^^^^^^^^^^^^^^^^^^^^^^^^^^^^
  File "d:\VSCODEPROJECTS\mym\.venv\Lib\site-packages\django\urls\base.py", line 88, in reverse
    return resolver._reverse_with_prefix(view, prefix, *args, **kwargs)
           ^^^^^^^^^^^^^^^^^^^^^^^^^^^^^^^^^^^^^^^^^^^^^^^^^^^^^^^^^^^^
  File "d:\VSCODEPROJECTS\mym\.venv\Lib\site-packages\django\urls\resolvers.py", line 828, in _reverse_with_prefix
    raise NoReverseMatch(msg)
django.urls.exceptions.NoReverseMatch: Reverse for 'update_profile' not found. 'update_profile' is not a valid view function or pattern name.
ERROR 2025-04-09 15:12:33,840 log Internal Server Error: /students/profile/
Traceback (most recent call last):
  File "d:\VSCODEPROJECTS\mym\.venv\Lib\site-packages\django\core\handlers\exception.py", line 55, in inner
    response = get_response(request)
               ^^^^^^^^^^^^^^^^^^^^^
  File "d:\VSCODEPROJECTS\mym\.venv\Lib\site-packages\django\core\handlers\base.py", line 197, in _get_response
    response = wrapped_callback(request, *callback_args, **callback_kwargs)
               ^^^^^^^^^^^^^^^^^^^^^^^^^^^^^^^^^^^^^^^^^^^^^^^^^^^^^^^^^^^^
  File "d:\VSCODEPROJECTS\mym\.venv\Lib\site-packages\django\contrib\auth\decorators.py", line 23, in _wrapper_view
    return view_func(request, *args, **kwargs)
           ^^^^^^^^^^^^^^^^^^^^^^^^^^^^^^^^^^^
  File "D:\VSCODEPROJECTS\mym\mymanage\students\views.py", line 140, in profile
    return render(request, 'students/student_profile.html', context)
           ^^^^^^^^^^^^^^^^^^^^^^^^^^^^^^^^^^^^^^^^^^^^^^^^^^^^^^^^^
  File "d:\VSCODEPROJECTS\mym\.venv\Lib\site-packages\django\shortcuts.py", line 24, in render
    content = loader.render_to_string(template_name, context, request, using=using)
              ^^^^^^^^^^^^^^^^^^^^^^^^^^^^^^^^^^^^^^^^^^^^^^^^^^^^^^^^^^^^^^^^^^^^^
  File "d:\VSCODEPROJECTS\mym\.venv\Lib\site-packages\django\template\loader.py", line 62, in render_to_string
    return template.render(context, request)
           ^^^^^^^^^^^^^^^^^^^^^^^^^^^^^^^^^
  File "d:\VSCODEPROJECTS\mym\.venv\Lib\site-packages\django\template\backends\django.py", line 61, in render
    return self.template.render(context)
           ^^^^^^^^^^^^^^^^^^^^^^^^^^^^^
  File "d:\VSCODEPROJECTS\mym\.venv\Lib\site-packages\django\template\base.py", line 175, in render
    return self._render(context)
           ^^^^^^^^^^^^^^^^^^^^^
  File "d:\VSCODEPROJECTS\mym\.venv\Lib\site-packages\django\template\base.py", line 167, in _render
    return self.nodelist.render(context)
           ^^^^^^^^^^^^^^^^^^^^^^^^^^^^^
  File "d:\VSCODEPROJECTS\mym\.venv\Lib\site-packages\django\template\base.py", line 1005, in render
    return SafeString("".join([node.render_annotated(context) for node in self]))
                              ^^^^^^^^^^^^^^^^^^^^^^^^^^^^^^^^^^^^^^^^^^^^^^^^^
  File "d:\VSCODEPROJECTS\mym\.venv\Lib\site-packages\django\template\base.py", line 1005, in <listcomp>
    return SafeString("".join([node.render_annotated(context) for node in self]))
                               ^^^^^^^^^^^^^^^^^^^^^^^^^^^^^^
  File "d:\VSCODEPROJECTS\mym\.venv\Lib\site-packages\django\template\base.py", line 966, in render_annotated
    return self.render(context)
           ^^^^^^^^^^^^^^^^^^^^
  File "d:\VSCODEPROJECTS\mym\.venv\Lib\site-packages\django\template\defaulttags.py", line 471, in render
    url = reverse(view_name, args=args, kwargs=kwargs, current_app=current_app)
          ^^^^^^^^^^^^^^^^^^^^^^^^^^^^^^^^^^^^^^^^^^^^^^^^^^^^^^^^^^^^^^^^^^^^^
  File "d:\VSCODEPROJECTS\mym\.venv\Lib\site-packages\django\urls\base.py", line 88, in reverse
    return resolver._reverse_with_prefix(view, prefix, *args, **kwargs)
           ^^^^^^^^^^^^^^^^^^^^^^^^^^^^^^^^^^^^^^^^^^^^^^^^^^^^^^^^^^^^
  File "d:\VSCODEPROJECTS\mym\.venv\Lib\site-packages\django\urls\resolvers.py", line 828, in _reverse_with_prefix
    raise NoReverseMatch(msg)
django.urls.exceptions.NoReverseMatch: Reverse for 'update_profile' not found. 'update_profile' is not a valid view function or pattern name.
ERROR 2025-04-09 15:12:33,847 basehttp "GET /students/profile/ HTTP/1.1" 500 159390
ERROR 2025-04-09 15:12:33,847 basehttp "GET /students/profile/ HTTP/1.1" 500 159390
INFO 2025-04-09 15:12:39,513 basehttp "GET /students/settings/ HTTP/1.1" 200 14030
INFO 2025-04-09 15:12:39,513 basehttp "GET /students/settings/ HTTP/1.1" 200 14030
ERROR 2025-04-09 15:12:48,086 log Internal Server Error: /students/profile/
Traceback (most recent call last):
  File "d:\VSCODEPROJECTS\mym\.venv\Lib\site-packages\django\core\handlers\exception.py", line 55, in inner
    response = get_response(request)
               ^^^^^^^^^^^^^^^^^^^^^
  File "d:\VSCODEPROJECTS\mym\.venv\Lib\site-packages\django\core\handlers\base.py", line 197, in _get_response
    response = wrapped_callback(request, *callback_args, **callback_kwargs)
               ^^^^^^^^^^^^^^^^^^^^^^^^^^^^^^^^^^^^^^^^^^^^^^^^^^^^^^^^^^^^
  File "d:\VSCODEPROJECTS\mym\.venv\Lib\site-packages\django\contrib\auth\decorators.py", line 23, in _wrapper_view
    return view_func(request, *args, **kwargs)
           ^^^^^^^^^^^^^^^^^^^^^^^^^^^^^^^^^^^
  File "D:\VSCODEPROJECTS\mym\mymanage\students\views.py", line 140, in profile
    return render(request, 'students/student_profile.html', context)
           ^^^^^^^^^^^^^^^^^^^^^^^^^^^^^^^^^^^^^^^^^^^^^^^^^^^^^^^^^
  File "d:\VSCODEPROJECTS\mym\.venv\Lib\site-packages\django\shortcuts.py", line 24, in render
    content = loader.render_to_string(template_name, context, request, using=using)
              ^^^^^^^^^^^^^^^^^^^^^^^^^^^^^^^^^^^^^^^^^^^^^^^^^^^^^^^^^^^^^^^^^^^^^
  File "d:\VSCODEPROJECTS\mym\.venv\Lib\site-packages\django\template\loader.py", line 62, in render_to_string
    return template.render(context, request)
           ^^^^^^^^^^^^^^^^^^^^^^^^^^^^^^^^^
  File "d:\VSCODEPROJECTS\mym\.venv\Lib\site-packages\django\template\backends\django.py", line 61, in render
    return self.template.render(context)
           ^^^^^^^^^^^^^^^^^^^^^^^^^^^^^
  File "d:\VSCODEPROJECTS\mym\.venv\Lib\site-packages\django\template\base.py", line 175, in render
    return self._render(context)
           ^^^^^^^^^^^^^^^^^^^^^
  File "d:\VSCODEPROJECTS\mym\.venv\Lib\site-packages\django\template\base.py", line 167, in _render
    return self.nodelist.render(context)
           ^^^^^^^^^^^^^^^^^^^^^^^^^^^^^
  File "d:\VSCODEPROJECTS\mym\.venv\Lib\site-packages\django\template\base.py", line 1005, in render
    return SafeString("".join([node.render_annotated(context) for node in self]))
                              ^^^^^^^^^^^^^^^^^^^^^^^^^^^^^^^^^^^^^^^^^^^^^^^^^
  File "d:\VSCODEPROJECTS\mym\.venv\Lib\site-packages\django\template\base.py", line 1005, in <listcomp>
    return SafeString("".join([node.render_annotated(context) for node in self]))
                               ^^^^^^^^^^^^^^^^^^^^^^^^^^^^^^
  File "d:\VSCODEPROJECTS\mym\.venv\Lib\site-packages\django\template\base.py", line 966, in render_annotated
    return self.render(context)
           ^^^^^^^^^^^^^^^^^^^^
  File "d:\VSCODEPROJECTS\mym\.venv\Lib\site-packages\django\template\defaulttags.py", line 471, in render
    url = reverse(view_name, args=args, kwargs=kwargs, current_app=current_app)
          ^^^^^^^^^^^^^^^^^^^^^^^^^^^^^^^^^^^^^^^^^^^^^^^^^^^^^^^^^^^^^^^^^^^^^
  File "d:\VSCODEPROJECTS\mym\.venv\Lib\site-packages\django\urls\base.py", line 88, in reverse
    return resolver._reverse_with_prefix(view, prefix, *args, **kwargs)
           ^^^^^^^^^^^^^^^^^^^^^^^^^^^^^^^^^^^^^^^^^^^^^^^^^^^^^^^^^^^^
  File "d:\VSCODEPROJECTS\mym\.venv\Lib\site-packages\django\urls\resolvers.py", line 828, in _reverse_with_prefix
    raise NoReverseMatch(msg)
django.urls.exceptions.NoReverseMatch: Reverse for 'update_profile' not found. 'update_profile' is not a valid view function or pattern name.
ERROR 2025-04-09 15:12:48,086 log Internal Server Error: /students/profile/
Traceback (most recent call last):
  File "d:\VSCODEPROJECTS\mym\.venv\Lib\site-packages\django\core\handlers\exception.py", line 55, in inner
    response = get_response(request)
               ^^^^^^^^^^^^^^^^^^^^^
  File "d:\VSCODEPROJECTS\mym\.venv\Lib\site-packages\django\core\handlers\base.py", line 197, in _get_response
    response = wrapped_callback(request, *callback_args, **callback_kwargs)
               ^^^^^^^^^^^^^^^^^^^^^^^^^^^^^^^^^^^^^^^^^^^^^^^^^^^^^^^^^^^^
  File "d:\VSCODEPROJECTS\mym\.venv\Lib\site-packages\django\contrib\auth\decorators.py", line 23, in _wrapper_view
    return view_func(request, *args, **kwargs)
           ^^^^^^^^^^^^^^^^^^^^^^^^^^^^^^^^^^^
  File "D:\VSCODEPROJECTS\mym\mymanage\students\views.py", line 140, in profile
    return render(request, 'students/student_profile.html', context)
           ^^^^^^^^^^^^^^^^^^^^^^^^^^^^^^^^^^^^^^^^^^^^^^^^^^^^^^^^^
  File "d:\VSCODEPROJECTS\mym\.venv\Lib\site-packages\django\shortcuts.py", line 24, in render
    content = loader.render_to_string(template_name, context, request, using=using)
              ^^^^^^^^^^^^^^^^^^^^^^^^^^^^^^^^^^^^^^^^^^^^^^^^^^^^^^^^^^^^^^^^^^^^^
  File "d:\VSCODEPROJECTS\mym\.venv\Lib\site-packages\django\template\loader.py", line 62, in render_to_string
    return template.render(context, request)
           ^^^^^^^^^^^^^^^^^^^^^^^^^^^^^^^^^
  File "d:\VSCODEPROJECTS\mym\.venv\Lib\site-packages\django\template\backends\django.py", line 61, in render
    return self.template.render(context)
           ^^^^^^^^^^^^^^^^^^^^^^^^^^^^^
  File "d:\VSCODEPROJECTS\mym\.venv\Lib\site-packages\django\template\base.py", line 175, in render
    return self._render(context)
           ^^^^^^^^^^^^^^^^^^^^^
  File "d:\VSCODEPROJECTS\mym\.venv\Lib\site-packages\django\template\base.py", line 167, in _render
    return self.nodelist.render(context)
           ^^^^^^^^^^^^^^^^^^^^^^^^^^^^^
  File "d:\VSCODEPROJECTS\mym\.venv\Lib\site-packages\django\template\base.py", line 1005, in render
    return SafeString("".join([node.render_annotated(context) for node in self]))
                              ^^^^^^^^^^^^^^^^^^^^^^^^^^^^^^^^^^^^^^^^^^^^^^^^^
  File "d:\VSCODEPROJECTS\mym\.venv\Lib\site-packages\django\template\base.py", line 1005, in <listcomp>
    return SafeString("".join([node.render_annotated(context) for node in self]))
                               ^^^^^^^^^^^^^^^^^^^^^^^^^^^^^^
  File "d:\VSCODEPROJECTS\mym\.venv\Lib\site-packages\django\template\base.py", line 966, in render_annotated
    return self.render(context)
           ^^^^^^^^^^^^^^^^^^^^
  File "d:\VSCODEPROJECTS\mym\.venv\Lib\site-packages\django\template\defaulttags.py", line 471, in render
    url = reverse(view_name, args=args, kwargs=kwargs, current_app=current_app)
          ^^^^^^^^^^^^^^^^^^^^^^^^^^^^^^^^^^^^^^^^^^^^^^^^^^^^^^^^^^^^^^^^^^^^^
  File "d:\VSCODEPROJECTS\mym\.venv\Lib\site-packages\django\urls\base.py", line 88, in reverse
    return resolver._reverse_with_prefix(view, prefix, *args, **kwargs)
           ^^^^^^^^^^^^^^^^^^^^^^^^^^^^^^^^^^^^^^^^^^^^^^^^^^^^^^^^^^^^
  File "d:\VSCODEPROJECTS\mym\.venv\Lib\site-packages\django\urls\resolvers.py", line 828, in _reverse_with_prefix
    raise NoReverseMatch(msg)
django.urls.exceptions.NoReverseMatch: Reverse for 'update_profile' not found. 'update_profile' is not a valid view function or pattern name.
ERROR 2025-04-09 15:12:48,092 basehttp "GET /students/profile/ HTTP/1.1" 500 159010
ERROR 2025-04-09 15:12:48,092 basehttp "GET /students/profile/ HTTP/1.1" 500 159010
INFO 2025-04-09 15:12:58,697 autoreload D:\VSCODEPROJECTS\mym\mymanage\students\views.py changed, reloading.
INFO 2025-04-09 15:12:58,697 autoreload D:\VSCODEPROJECTS\mym\mymanage\students\views.py changed, reloading.
INFO 2025-04-09 15:12:59,373 autoreload Watching for file changes with StatReloader
INFO 2025-04-09 15:12:59,373 autoreload Watching for file changes with StatReloader
INFO 2025-04-09 15:13:06,721 autoreload D:\VSCODEPROJECTS\mym\mymanage\students\views.py changed, reloading.
INFO 2025-04-09 15:13:06,721 autoreload D:\VSCODEPROJECTS\mym\mymanage\students\views.py changed, reloading.
INFO 2025-04-09 15:13:07,339 autoreload Watching for file changes with StatReloader
INFO 2025-04-09 15:13:07,339 autoreload Watching for file changes with StatReloader
INFO 2025-04-09 15:13:11,410 basehttp "GET /students/profile/ HTTP/1.1" 200 17855
INFO 2025-04-09 15:13:11,410 basehttp "GET /students/profile/ HTTP/1.1" 200 17855
INFO 2025-04-09 15:13:12,325 basehttp "GET /students/practice/ HTTP/1.1" 200 123454
INFO 2025-04-09 15:13:12,325 basehttp "GET /students/practice/ HTTP/1.1" 200 123454
INFO 2025-04-09 15:13:12,824 basehttp "GET /students/attendance/ HTTP/1.1" 200 34996
INFO 2025-04-09 15:13:12,824 basehttp "GET /students/attendance/ HTTP/1.1" 200 34996
INFO 2025-04-09 15:13:12,862 basehttp "GET /static/js/libs/chart.min.js HTTP/1.1" 304 0
INFO 2025-04-09 15:13:12,862 basehttp "GET /static/js/libs/chart.min.js HTTP/1.1" 304 0
INFO 2025-04-09 15:13:13,465 basehttp "GET /students/sheet-music/ HTTP/1.1" 200 28646
INFO 2025-04-09 15:13:13,465 basehttp "GET /students/sheet-music/ HTTP/1.1" 200 28646
INFO 2025-04-09 15:13:14,089 basehttp "GET /students/settings/ HTTP/1.1" 200 18045
INFO 2025-04-09 15:13:14,089 basehttp "GET /students/settings/ HTTP/1.1" 200 18045
INFO 2025-04-09 15:13:24,832 basehttp "GET /students/sheet-music/ HTTP/1.1" 200 28646
INFO 2025-04-09 15:13:24,832 basehttp "GET /students/sheet-music/ HTTP/1.1" 200 28646
INFO 2025-04-09 15:13:26,363 basehttp "GET /students/attendance/ HTTP/1.1" 200 34996
INFO 2025-04-09 15:13:26,363 basehttp "GET /students/attendance/ HTTP/1.1" 200 34996
INFO 2025-04-09 15:13:27,879 basehttp "GET /students/settings/ HTTP/1.1" 200 18045
INFO 2025-04-09 15:13:27,879 basehttp "GET /students/settings/ HTTP/1.1" 200 18045
INFO 2025-04-09 15:13:28,984 basehttp "GET /students/profile/ HTTP/1.1" 200 17855
INFO 2025-04-09 15:13:28,984 basehttp "GET /students/profile/ HTTP/1.1" 200 17855
INFO 2025-04-09 15:13:29,631 basehttp "GET /students/practice/ HTTP/1.1" 200 123454
INFO 2025-04-09 15:13:29,631 basehttp "GET /students/practice/ HTTP/1.1" 200 123454
INFO 2025-04-09 15:13:29,934 basehttp "GET /students/check-practice-status/ HTTP/1.1" 200 59
INFO 2025-04-09 15:13:29,934 basehttp "GET /students/check-practice-status/ HTTP/1.1" 200 59
INFO 2025-04-09 15:13:29,940 basehttp "GET /students/check-active-practice/ HTTP/1.1" 200 134
INFO 2025-04-09 15:13:29,940 basehttp "GET /students/check-active-practice/ HTTP/1.1" 200 134
INFO 2025-04-09 15:13:29,945 basehttp "GET /students/check-active-practice/ HTTP/1.1" 200 134
INFO 2025-04-09 15:13:29,945 basehttp "GET /students/check-active-practice/ HTTP/1.1" 200 134
INFO 2025-04-09 15:13:30,193 basehttp "GET /students/attendance/ HTTP/1.1" 200 34996
INFO 2025-04-09 15:13:30,193 basehttp "GET /students/attendance/ HTTP/1.1" 200 34996
INFO 2025-04-09 15:13:30,790 basehttp "GET /students/sheet-music/ HTTP/1.1" 200 28646
INFO 2025-04-09 15:13:30,790 basehttp "GET /students/sheet-music/ HTTP/1.1" 200 28646
INFO 2025-04-09 15:13:32,393 basehttp "GET /students/settings/ HTTP/1.1" 200 18045
INFO 2025-04-09 15:13:32,393 basehttp "GET /students/settings/ HTTP/1.1" 200 18045
INFO 2025-04-09 15:16:44,268 autoreload D:\VSCODEPROJECTS\mym\mymanage\students\forms.py changed, reloading.
INFO 2025-04-09 15:16:44,268 autoreload D:\VSCODEPROJECTS\mym\mymanage\students\forms.py changed, reloading.
INFO 2025-04-09 15:16:44,835 autoreload Watching for file changes with StatReloader
INFO 2025-04-09 15:16:44,835 autoreload Watching for file changes with StatReloader
INFO 2025-04-09 15:17:14,246 autoreload D:\VSCODEPROJECTS\mym\mymanage\students\views.py changed, reloading.
INFO 2025-04-09 15:17:14,246 autoreload D:\VSCODEPROJECTS\mym\mymanage\students\views.py changed, reloading.
INFO 2025-04-09 15:17:14,850 autoreload Watching for file changes with StatReloader
INFO 2025-04-09 15:17:14,850 autoreload Watching for file changes with StatReloader
INFO 2025-04-09 15:17:40,554 basehttp "GET /students/settings/ HTTP/1.1" 200 20481
INFO 2025-04-09 15:17:40,554 basehttp "GET /students/settings/ HTTP/1.1" 200 20481
INFO 2025-04-09 15:17:59,101 basehttp "POST /students/settings/ HTTP/1.1" 302 0
INFO 2025-04-09 15:17:59,101 basehttp "POST /students/settings/ HTTP/1.1" 302 0
INFO 2025-04-09 15:17:59,113 basehttp "GET /students/settings/ HTTP/1.1" 200 20736
INFO 2025-04-09 15:17:59,113 basehttp "GET /students/settings/ HTTP/1.1" 200 20736
INFO 2025-04-09 15:18:07,208 basehttp "GET /students/profile/ HTTP/1.1" 200 17855
INFO 2025-04-09 15:18:07,208 basehttp "GET /students/profile/ HTTP/1.1" 200 17855
INFO 2025-04-09 15:18:08,607 basehttp "GET /students/practice/ HTTP/1.1" 200 123454
INFO 2025-04-09 15:18:08,607 basehttp "GET /students/practice/ HTTP/1.1" 200 123454
INFO 2025-04-09 15:18:09,076 basehttp "GET /students/check-practice-status/ HTTP/1.1" 200 59
INFO 2025-04-09 15:18:09,076 basehttp "GET /students/check-practice-status/ HTTP/1.1" 200 59
INFO 2025-04-09 15:18:09,080 basehttp "GET /students/check-active-practice/ HTTP/1.1" 200 134
INFO 2025-04-09 15:18:09,080 basehttp "GET /students/check-active-practice/ HTTP/1.1" 200 134
INFO 2025-04-09 15:18:09,086 basehttp "GET /students/check-active-practice/ HTTP/1.1" 200 134
INFO 2025-04-09 15:18:09,086 basehttp "GET /students/check-active-practice/ HTTP/1.1" 200 134
INFO 2025-04-09 15:18:09,288 basehttp "GET /students/attendance/ HTTP/1.1" 200 34996
INFO 2025-04-09 15:18:09,288 basehttp "GET /students/attendance/ HTTP/1.1" 200 34996
INFO 2025-04-09 15:18:09,328 basehttp "GET /static/js/libs/chart.min.js HTTP/1.1" 304 0
INFO 2025-04-09 15:18:09,328 basehttp "GET /static/js/libs/chart.min.js HTTP/1.1" 304 0
INFO 2025-04-09 15:18:10,256 basehttp "GET /students/sheet-music/ HTTP/1.1" 200 28646
INFO 2025-04-09 15:18:10,256 basehttp "GET /students/sheet-music/ HTTP/1.1" 200 28646
INFO 2025-04-09 15:18:12,232 basehttp "GET /students/settings/ HTTP/1.1" 200 20481
INFO 2025-04-09 15:18:12,232 basehttp "GET /students/settings/ HTTP/1.1" 200 20481
INFO 2025-04-09 15:18:17,286 basehttp "GET /students/sheet-music/ HTTP/1.1" 200 28646
INFO 2025-04-09 15:18:17,286 basehttp "GET /students/sheet-music/ HTTP/1.1" 200 28646
INFO 2025-04-09 15:18:17,901 basehttp "GET /students/profile/ HTTP/1.1" 200 17855
INFO 2025-04-09 15:18:17,901 basehttp "GET /students/profile/ HTTP/1.1" 200 17855
INFO 2025-04-09 15:18:25,109 basehttp "GET /students/practice/ HTTP/1.1" 200 123454
INFO 2025-04-09 15:18:25,109 basehttp "GET /students/practice/ HTTP/1.1" 200 123454
INFO 2025-04-09 15:18:25,187 basehttp "GET /students/check-practice-status/ HTTP/1.1" 200 59
INFO 2025-04-09 15:18:25,187 basehttp "GET /students/check-practice-status/ HTTP/1.1" 200 59
INFO 2025-04-09 15:18:25,190 basehttp "GET /students/check-active-practice/ HTTP/1.1" 200 134
INFO 2025-04-09 15:18:25,190 basehttp "GET /students/check-active-practice/ HTTP/1.1" 200 134
INFO 2025-04-09 15:18:25,195 basehttp "GET /students/check-active-practice/ HTTP/1.1" 200 134
INFO 2025-04-09 15:18:25,195 basehttp "GET /students/check-active-practice/ HTTP/1.1" 200 134
DEBUG 2025-04-09 15:18:37,256 views 扫描二维码请求方法: POST
DEBUG 2025-04-09 15:18:37,256 views 扫描二维码请求方法: POST
DEBUG 2025-04-09 15:18:37,256 views POST数据: <QueryDict: {'csrfmiddlewaretoken': ['KgG2FV4bpfIuZyvEvRnLvsYeBSfONWD2tCRr4KhwyDrjpHslSvLZP9hXXxAi0bDn'], 'qrcode_data': ['45e58746-70d4-4d11-8063-2114d0bc0f41']}>
DEBUG 2025-04-09 15:18:37,256 views POST数据: <QueryDict: {'csrfmiddlewaretoken': ['KgG2FV4bpfIuZyvEvRnLvsYeBSfONWD2tCRr4KhwyDrjpHslSvLZP9hXXxAi0bDn'], 'qrcode_data': ['45e58746-70d4-4d11-8063-2114d0bc0f41']}>
DEBUG 2025-04-09 15:18:37,257 views 处理学生ID: 1, 姓名: 张三
DEBUG 2025-04-09 15:18:37,257 views 处理学生ID: 1, 姓名: 张三
DEBUG 2025-04-09 15:18:37,258 views 使用二维码数据处理: 45e58746-70d4-4d11-8063-2114d0bc0f41
DEBUG 2025-04-09 15:18:37,258 views 使用二维码数据处理: 45e58746-70d4-4d11-8063-2114d0bc0f41
DEBUG 2025-04-09 15:18:37,258 views 处理后的二维码数据: 45e58746-70d4-4d11-8063-2114d0bc0f41
DEBUG 2025-04-09 15:18:37,258 views 处理后的二维码数据: 45e58746-70d4-4d11-8063-2114d0bc0f41
DEBUG 2025-04-09 15:18:37,261 views 通过UUID查找结果: 二维码-通用考勤-2025-04-09 05:58
DEBUG 2025-04-09 15:18:37,261 views 通过UUID查找结果: 二维码-通用考勤-2025-04-09 05:58
DEBUG 2025-04-09 15:18:37,261 views 找到二维码: ID=73, 过期时间=2025-04-09 15:59:59.383276+00:00
DEBUG 2025-04-09 15:18:37,261 views 找到二维码: ID=73, 过期时间=2025-04-09 15:59:59.383276+00:00
DEBUG 2025-04-09 15:18:37,265 views 使用会话ID: 28 重新处理请求
DEBUG 2025-04-09 15:18:37,265 views 使用会话ID: 28 重新处理请求
DEBUG 2025-04-09 15:18:37,265 views 扫描二维码请求方法: GET
DEBUG 2025-04-09 15:18:37,265 views 扫描二维码请求方法: GET
DEBUG 2025-04-09 15:18:37,265 views 处理学生ID: 1, 姓名: 张三
DEBUG 2025-04-09 15:18:37,265 views 处理学生ID: 1, 姓名: 张三
DEBUG 2025-04-09 15:18:37,265 views 使用会话ID处理: 28
DEBUG 2025-04-09 15:18:37,265 views 使用会话ID处理: 28
INFO 2025-04-09 15:18:37,275 views 有2台可用钢琴
INFO 2025-04-09 15:18:37,275 views 有2台可用钢琴
INFO 2025-04-09 15:18:37,278 basehttp "POST /students/practice/scan-qrcode/ HTTP/1.1" 200 263
INFO 2025-04-09 15:18:37,278 basehttp "POST /students/practice/scan-qrcode/ HTTP/1.1" 200 263
INFO 2025-04-09 15:18:40,079 views 开始练琴请求 - 学生: 张三, 会话ID: 28, 预留ID: None
INFO 2025-04-09 15:18:40,079 views 开始练琴请求 - 学生: 张三, 会话ID: 28, 预留ID: None
INFO 2025-04-09 15:18:40,084 views 无预留情况下为学生分配钢琴：1
INFO 2025-04-09 15:18:40,084 views 无预留情况下为学生分配钢琴：1
INFO 2025-04-09 15:18:40,087 views 创建新的练琴记录: ID=34, 日期=2025-04-09, 钢琴=1
INFO 2025-04-09 15:18:40,087 views 创建新的练琴记录: ID=34, 日期=2025-04-09, 钢琴=1
INFO 2025-04-09 15:18:40,090 views 创建新的考勤记录，学生=张三, 钢琴=1
INFO 2025-04-09 15:18:40,090 views 创建新的考勤记录，学生=张三, 钢琴=1
INFO 2025-04-09 15:18:40,096 views 创建兼容性旧版考勤记录，日期=2025-04-09
INFO 2025-04-09 15:18:40,096 views 创建兼容性旧版考勤记录，日期=2025-04-09
INFO 2025-04-09 15:18:40,097 basehttp "POST /students/practice/start/ HTTP/1.1" 200 183
INFO 2025-04-09 15:18:40,097 basehttp "POST /students/practice/start/ HTTP/1.1" 200 183
INFO 2025-04-09 15:18:45,196 basehttp "GET /students/check-practice-status/ HTTP/1.1" 200 59
INFO 2025-04-09 15:18:45,196 basehttp "GET /students/check-practice-status/ HTTP/1.1" 200 59
INFO 2025-04-09 15:18:52,301 autoreload D:\VSCODEPROJECTS\mym\mymanage\students\views.py changed, reloading.
INFO 2025-04-09 15:18:52,301 autoreload D:\VSCODEPROJECTS\mym\mymanage\students\views.py changed, reloading.
INFO 2025-04-09 15:18:52,873 autoreload Watching for file changes with StatReloader
INFO 2025-04-09 15:18:52,873 autoreload Watching for file changes with StatReloader
